Assembler report for Lab1_2
Sun Sep 10 21:14:33 2023
Quartus Prime Version 16.1.0 Build 196 10/24/2016 SJ Lite Edition


---------------------
; Table of Contents ;
---------------------
  1. Legal Notice
  2. Assembler Summary
  3. Assembler Settings
  4. Assembler Generated Files
  5. Assembler Device Options: D:/Users/Legion/Quartus/Works_Verilog/Third year/5th semester/Lab1/Lab1_2/output_files/Lab1_2.sof
  6. Assembler Messages



----------------
; Legal Notice ;
----------------
Copyright (C) 2016  Intel Corporation. All rights reserved.
Your use of Intel Corporation's design tools, logic functions 
and other software and tools, and its AMPP partner logic 
functions, and any output files from any of the foregoing 
(including device programming or simulation files), and any 
associated documentation or information are expressly subject 
to the terms and conditions of the Intel Program License 
Subscription Agreement, the Intel Quartus Prime License Agreement,
the Intel MegaCore Function License Agreement, or other 
applicable license agreement, including, without limitation, 
that your use is for the sole purpose of programming logic 
devices manufactured by Intel and sold by Intel or its 
authorized distributors.  Please refer to the applicable 
agreement for further details.



+---------------------------------------------------------------+
; Assembler Summary                                             ;
+-----------------------+---------------------------------------+
; Assembler Status      ; Successful - Sun Sep 10 21:14:33 2023 ;
; Revision Name         ; Lab1_2                                ;
; Top-level Entity Name ; Lab1_2                                ;
; Family                ; Cyclone IV E                          ;
; Device                ; EP4CE6E22C8                           ;
+-----------------------+---------------------------------------+


+----------------------------------+
; Assembler Settings               ;
+--------+---------+---------------+
; Option ; Setting ; Default Value ;
+--------+---------+---------------+


+---------------------------------------------------------------------------------------------------+
; Assembler Generated Files                                                                         ;
+---------------------------------------------------------------------------------------------------+
; File Name                                                                                         ;
+---------------------------------------------------------------------------------------------------+
; D:/Users/Legion/Quartus/Works_Verilog/Third year/5th semester/Lab1/Lab1_2/output_files/Lab1_2.sof ;
+---------------------------------------------------------------------------------------------------+


+-----------------------------------------------------------------------------------------------------------------------------+
; Assembler Device Options: D:/Users/Legion/Quartus/Works_Verilog/Third year/5th semester/Lab1/Lab1_2/output_files/Lab1_2.sof ;
+----------------+------------------------------------------------------------------------------------------------------------+
; Option         ; Setting                                                                                                    ;
+----------------+------------------------------------------------------------------------------------------------------------+
; Device         ; EP4CE6E22C8                                                                                                ;
; JTAG usercode  ; 0x000937C2                                                                                                 ;
; Checksum       ; 0x000937C2                                                                                                 ;
+----------------+------------------------------------------------------------------------------------------------------------+


+--------------------+
; Assembler Messages ;
+--------------------+
Info: *******************************************************************
Info: Running Quartus Prime Assembler
    Info: Version 16.1.0 Build 196 10/24/2016 SJ Lite Edition
    Info: Processing started: Sun Sep 10 21:14:32 2023
Info: Command: quartus_asm --read_settings_files=off --write_settings_files=off Lab1_2 -c Lab1_2
Info (115031): Writing out detailed assembly data for power analysis
Info (115030): Assembler is generating device programming files
Info: Quartus Prime Assembler was successful. 0 errors, 0 warnings
    Info: Peak virtual memory: 4669 megabytes
    Info: Processing ended: Sun Sep 10 21:14:33 2023
    Info: Elapsed time: 00:00:01
    Info: Total CPU time (on all processors): 00:00:00


