Info: Starting: Create HDL design files for synthesis
Info: qsys-generate "D:\Users\Legion\Quartus and Verilog\Verilog\Third year\6th semester\course project\Part 2\Lab_NIOSII_6\Lab6\Lab65_nios.qsys" --synthesis=VERILOG --output-directory="D:\Users\Legion\Quartus and Verilog\Verilog\Third year\6th semester\course project\Part 2\Lab_NIOSII_6\Lab6\Lab65_nios\synthesis" --family="Cyclone V" --part=5CEBA2F17C8
Progress: Loading Lab6/Lab65_nios.qsys
Progress: Reading input file
Progress: Adding CI_PWR [CI_power 1.0]
Progress: Parameterizing module CI_PWR
Progress: Adding Data_a [altera_avalon_pio 18.1]
Progress: Parameterizing module Data_a
Progress: Adding Data_b [altera_avalon_pio 18.1]
Progress: Parameterizing module Data_b
Progress: Adding clk [clock_source 18.1]
Progress: Parameterizing module clk
Progress: Adding jtag_uart [altera_avalon_jtag_uart 18.1]
Progress: Parameterizing module jtag_uart
Progress: Adding led [altera_avalon_pio 18.1]
Progress: Parameterizing module led
Progress: Adding nios2_qsys [altera_nios2_gen2 18.1]
Progress: Parameterizing module nios2_qsys
Progress: Adding onchip_mem [altera_avalon_onchip_memory2 18.1]
Progress: Parameterizing module onchip_mem
Progress: Adding timer [altera_avalon_timer 18.1]
Progress: Parameterizing module timer
Progress: Building connections
Progress: Parameterizing connections
Progress: Validating
Progress: Done reading input file
Info: Lab65_nios.Data_a: PIO inputs are not hardwired in test bench. Undefined values will be read from PIO inputs during simulation.
Info: Lab65_nios.Data_b: PIO inputs are not hardwired in test bench. Undefined values will be read from PIO inputs during simulation.
Warning: Lab65_nios.jtag_uart: JTAG UART IP input clock need to be at least double (2x) the operating frequency of JTAG TCK on board
Info: Lab65_nios: Generating Lab65_nios "Lab65_nios" for QUARTUS_SYNTH
Warning: Lab65_nios: "No matching role found for nios2_qsys:custom_instruction_master:E_ci_multi_clock (clk)"
Warning: Lab65_nios: "No matching role found for nios2_qsys:custom_instruction_master:E_ci_multi_reset_req (reset_req)"
Warning: Lab65_nios: "No matching role found for nios2_qsys:custom_instruction_master:E_ci_multi_reset (reset)"
Info: CI_PWR: "Lab65_nios" instantiated CI_power "CI_PWR"
Info: Data_a: Starting RTL generation for module 'Lab65_nios_Data_a'
Info: Data_a:   Generation command is [exec D:/intelfpga/18.1/quartuslitesetup/quartus/bin64/perl/bin/perl.exe -I D:/intelfpga/18.1/quartuslitesetup/quartus/bin64/perl/lib -I D:/intelfpga/18.1/quartuslitesetup/quartus/sopc_builder/bin/europa -I D:/intelfpga/18.1/quartuslitesetup/quartus/sopc_builder/bin/perl_lib -I D:/intelfpga/18.1/quartuslitesetup/quartus/sopc_builder/bin -I D:/intelfpga/18.1/quartuslitesetup/quartus/../ip/altera/sopc_builder_ip/common -I D:/intelfpga/18.1/quartuslitesetup/quartus/../ip/altera/sopc_builder_ip/altera_avalon_pio -- D:/intelfpga/18.1/quartuslitesetup/quartus/../ip/altera/sopc_builder_ip/altera_avalon_pio/generate_rtl.pl --name=Lab65_nios_Data_a --dir=C:/Users/Legion/AppData/Local/Temp/alt9854_2150279503917702652.dir/0003_Data_a_gen/ --quartus_dir=D:/intelfpga/18.1/quartuslitesetup/quartus --verilog --config=C:/Users/Legion/AppData/Local/Temp/alt9854_2150279503917702652.dir/0003_Data_a_gen//Lab65_nios_Data_a_component_configuration.pl  --do_build_sim=0  ]
Info: Data_a: Done RTL generation for module 'Lab65_nios_Data_a'
Info: Data_a: "Lab65_nios" instantiated altera_avalon_pio "Data_a"
Info: jtag_uart: Starting RTL generation for module 'Lab65_nios_jtag_uart'
Info: jtag_uart:   Generation command is [exec D:/intelfpga/18.1/quartuslitesetup/quartus/bin64/perl/bin/perl.exe -I D:/intelfpga/18.1/quartuslitesetup/quartus/bin64/perl/lib -I D:/intelfpga/18.1/quartuslitesetup/quartus/sopc_builder/bin/europa -I D:/intelfpga/18.1/quartuslitesetup/quartus/sopc_builder/bin/perl_lib -I D:/intelfpga/18.1/quartuslitesetup/quartus/sopc_builder/bin -I D:/intelfpga/18.1/quartuslitesetup/quartus/../ip/altera/sopc_builder_ip/common -I D:/intelfpga/18.1/quartuslitesetup/quartus/../ip/altera/sopc_builder_ip/altera_avalon_jtag_uart -- D:/intelfpga/18.1/quartuslitesetup/quartus/../ip/altera/sopc_builder_ip/altera_avalon_jtag_uart/generate_rtl.pl --name=Lab65_nios_jtag_uart --dir=C:/Users/Legion/AppData/Local/Temp/alt9854_2150279503917702652.dir/0004_jtag_uart_gen/ --quartus_dir=D:/intelfpga/18.1/quartuslitesetup/quartus --verilog --config=C:/Users/Legion/AppData/Local/Temp/alt9854_2150279503917702652.dir/0004_jtag_uart_gen//Lab65_nios_jtag_uart_component_configuration.pl  --do_build_sim=0  ]
Info: jtag_uart: Done RTL generation for module 'Lab65_nios_jtag_uart'
Info: jtag_uart: "Lab65_nios" instantiated altera_avalon_jtag_uart "jtag_uart"
Info: led: Starting RTL generation for module 'Lab65_nios_led'
Info: led:   Generation command is [exec D:/intelfpga/18.1/quartuslitesetup/quartus/bin64/perl/bin/perl.exe -I D:/intelfpga/18.1/quartuslitesetup/quartus/bin64/perl/lib -I D:/intelfpga/18.1/quartuslitesetup/quartus/sopc_builder/bin/europa -I D:/intelfpga/18.1/quartuslitesetup/quartus/sopc_builder/bin/perl_lib -I D:/intelfpga/18.1/quartuslitesetup/quartus/sopc_builder/bin -I D:/intelfpga/18.1/quartuslitesetup/quartus/../ip/altera/sopc_builder_ip/common -I D:/intelfpga/18.1/quartuslitesetup/quartus/../ip/altera/sopc_builder_ip/altera_avalon_pio -- D:/intelfpga/18.1/quartuslitesetup/quartus/../ip/altera/sopc_builder_ip/altera_avalon_pio/generate_rtl.pl --name=Lab65_nios_led --dir=C:/Users/Legion/AppData/Local/Temp/alt9854_2150279503917702652.dir/0005_led_gen/ --quartus_dir=D:/intelfpga/18.1/quartuslitesetup/quartus --verilog --config=C:/Users/Legion/AppData/Local/Temp/alt9854_2150279503917702652.dir/0005_led_gen//Lab65_nios_led_component_configuration.pl  --do_build_sim=0  ]
Info: led: Done RTL generation for module 'Lab65_nios_led'
Info: led: "Lab65_nios" instantiated altera_avalon_pio "led"
Info: nios2_qsys: "Lab65_nios" instantiated altera_nios2_gen2 "nios2_qsys"
Info: onchip_mem: Starting RTL generation for module 'Lab65_nios_onchip_mem'
Info: onchip_mem:   Generation command is [exec D:/intelfpga/18.1/quartuslitesetup/quartus/bin64/perl/bin/perl.exe -I D:/intelfpga/18.1/quartuslitesetup/quartus/bin64/perl/lib -I D:/intelfpga/18.1/quartuslitesetup/quartus/sopc_builder/bin/europa -I D:/intelfpga/18.1/quartuslitesetup/quartus/sopc_builder/bin/perl_lib -I D:/intelfpga/18.1/quartuslitesetup/quartus/sopc_builder/bin -I D:/intelfpga/18.1/quartuslitesetup/quartus/../ip/altera/sopc_builder_ip/common -I D:/intelfpga/18.1/quartuslitesetup/quartus/../ip/altera/sopc_builder_ip/altera_avalon_onchip_memory2 -- D:/intelfpga/18.1/quartuslitesetup/quartus/../ip/altera/sopc_builder_ip/altera_avalon_onchip_memory2/generate_rtl.pl --name=Lab65_nios_onchip_mem --dir=C:/Users/Legion/AppData/Local/Temp/alt9854_2150279503917702652.dir/0006_onchip_mem_gen/ --quartus_dir=D:/intelfpga/18.1/quartuslitesetup/quartus --verilog --config=C:/Users/Legion/AppData/Local/Temp/alt9854_2150279503917702652.dir/0006_onchip_mem_gen//Lab65_nios_onchip_mem_component_configuration.pl  --do_build_sim=0  ]
Info: onchip_mem: Done RTL generation for module 'Lab65_nios_onchip_mem'
Info: onchip_mem: "Lab65_nios" instantiated altera_avalon_onchip_memory2 "onchip_mem"
Info: timer: Starting RTL generation for module 'Lab65_nios_timer'
Info: timer:   Generation command is [exec D:/intelFPGA/18.1/QuartusLiteSetup/quartus/bin64//perl/bin/perl.exe -I D:/intelFPGA/18.1/QuartusLiteSetup/quartus/bin64//perl/lib -I D:/intelfpga/18.1/quartuslitesetup/quartus/sopc_builder/bin/europa -I D:/intelfpga/18.1/quartuslitesetup/quartus/sopc_builder/bin/perl_lib -I D:/intelfpga/18.1/quartuslitesetup/quartus/sopc_builder/bin -I D:/intelfpga/18.1/quartuslitesetup/quartus/../ip/altera/sopc_builder_ip/common -I D:/intelfpga/18.1/quartuslitesetup/quartus/../ip/altera/sopc_builder_ip/altera_avalon_timer -- D:/intelfpga/18.1/quartuslitesetup/quartus/../ip/altera/sopc_builder_ip/altera_avalon_timer/generate_rtl.pl --name=Lab65_nios_timer --dir=C:/Users/Legion/AppData/Local/Temp/alt9854_2150279503917702652.dir/0007_timer_gen/ --quartus_dir=D:/intelfpga/18.1/quartuslitesetup/quartus --verilog --config=C:/Users/Legion/AppData/Local/Temp/alt9854_2150279503917702652.dir/0007_timer_gen//Lab65_nios_timer_component_configuration.pl  --do_build_sim=0  ]
Info: timer: Done RTL generation for module 'Lab65_nios_timer'
Info: timer: "Lab65_nios" instantiated altera_avalon_timer "timer"
Info: nios2_qsys_custom_instruction_master_translator: "Lab65_nios" instantiated altera_customins_master_translator "nios2_qsys_custom_instruction_master_translator"
Info: nios2_qsys_custom_instruction_master_comb_xconnect: "Lab65_nios" instantiated altera_customins_xconnect "nios2_qsys_custom_instruction_master_comb_xconnect"
Info: nios2_qsys_custom_instruction_master_comb_slave_translator0: "Lab65_nios" instantiated altera_customins_slave_translator "nios2_qsys_custom_instruction_master_comb_slave_translator0"
Info: avalon_st_adapter: Inserting error_adapter: error_adapter_0
Info: avalon_st_adapter_001: Inserting error_adapter: error_adapter_0
Info: avalon_st_adapter_002: Inserting error_adapter: error_adapter_0
Info: avalon_st_adapter_003: Inserting error_adapter: error_adapter_0
Info: avalon_st_adapter_004: Inserting error_adapter: error_adapter_0
Info: avalon_st_adapter_005: Inserting error_adapter: error_adapter_0
Info: avalon_st_adapter_006: Inserting error_adapter: error_adapter_0
Info: mm_interconnect_0: "Lab65_nios" instantiated altera_mm_interconnect "mm_interconnect_0"
Info: irq_mapper: "Lab65_nios" instantiated altera_irq_mapper "irq_mapper"
Info: rst_controller: "Lab65_nios" instantiated altera_reset_controller "rst_controller"
Info: cpu: Starting RTL generation for module 'Lab65_nios_nios2_qsys_cpu'
Info: cpu:   Generation command is [exec D:/intelFPGA/18.1/QuartusLiteSetup/quartus/bin64//eperlcmd.exe -I D:/intelFPGA/18.1/QuartusLiteSetup/quartus/bin64//perl/lib -I D:/intelfpga/18.1/quartuslitesetup/quartus/sopc_builder/bin/europa -I D:/intelfpga/18.1/quartuslitesetup/quartus/sopc_builder/bin/perl_lib -I D:/intelfpga/18.1/quartuslitesetup/quartus/sopc_builder/bin -I D:/intelfpga/18.1/quartuslitesetup/quartus/../ip/altera/nios2_ip/altera_nios2_gen2/cpu_lib -I D:/intelfpga/18.1/quartuslitesetup/quartus/../ip/altera/nios2_ip/altera_nios2_gen2/nios_lib -I D:/intelfpga/18.1/quartuslitesetup/quartus/../ip/altera/nios2_ip/altera_nios2_gen2 -I D:/intelfpga/18.1/quartuslitesetup/quartus/../ip/altera/nios2_ip/altera_nios2_gen2 -- D:/intelfpga/18.1/quartuslitesetup/quartus/../ip/altera/nios2_ip/altera_nios2_gen2/generate_rtl.epl --name=Lab65_nios_nios2_qsys_cpu --dir=C:/Users/Legion/AppData/Local/Temp/alt9854_2150279503917702652.dir/0013_cpu_gen/ --quartus_bindir=D:/intelFPGA/18.1/QuartusLiteSetup/quartus/bin64/ --verilog --config=C:/Users/Legion/AppData/Local/Temp/alt9854_2150279503917702652.dir/0013_cpu_gen//Lab65_nios_nios2_qsys_cpu_processor_configuration.pl  --do_build_sim=0  ]
Info: cpu: # 2024.05.11 19:46:23 (*) Starting Nios II generation
Info: cpu: # 2024.05.11 19:46:23 (*)   Checking for plaintext license.
Info: cpu: # 2024.05.11 19:46:24 (*)   Couldn't query license setup in Quartus directory D:/intelFPGA/18.1/QuartusLiteSetup/quartus/bin64/
Info: cpu: # 2024.05.11 19:46:24 (*)   Defaulting to contents of LM_LICENSE_FILE environment variable
Info: cpu: # 2024.05.11 19:46:24 (*)   LM_LICENSE_FILE environment variable is empty
Info: cpu: # 2024.05.11 19:46:24 (*)   Plaintext license not found.
Info: cpu: # 2024.05.11 19:46:24 (*)   No license required to generate encrypted Nios II/e.
Info: cpu: # 2024.05.11 19:46:24 (*)   Elaborating CPU configuration settings
Info: cpu: # 2024.05.11 19:46:24 (*)   Creating all objects for CPU
Info: cpu: # 2024.05.11 19:46:24 (*)   Generating RTL from CPU objects
Info: cpu: # 2024.05.11 19:46:24 (*)   Creating plain-text RTL
Info: cpu: # 2024.05.11 19:46:25 (*) Done Nios II generation
Info: cpu: Done RTL generation for module 'Lab65_nios_nios2_qsys_cpu'
Info: cpu: "nios2_qsys" instantiated altera_nios2_gen2_unit "cpu"
Info: nios2_qsys_data_master_translator: "mm_interconnect_0" instantiated altera_merlin_master_translator "nios2_qsys_data_master_translator"
Info: jtag_uart_avalon_jtag_slave_translator: "mm_interconnect_0" instantiated altera_merlin_slave_translator "jtag_uart_avalon_jtag_slave_translator"
Info: nios2_qsys_data_master_agent: "mm_interconnect_0" instantiated altera_merlin_master_agent "nios2_qsys_data_master_agent"
Info: jtag_uart_avalon_jtag_slave_agent: "mm_interconnect_0" instantiated altera_merlin_slave_agent "jtag_uart_avalon_jtag_slave_agent"
Info: jtag_uart_avalon_jtag_slave_agent_rsp_fifo: "mm_interconnect_0" instantiated altera_avalon_sc_fifo "jtag_uart_avalon_jtag_slave_agent_rsp_fifo"
Info: router: "mm_interconnect_0" instantiated altera_merlin_router "router"
Info: router_001: "mm_interconnect_0" instantiated altera_merlin_router "router_001"
Info: router_002: "mm_interconnect_0" instantiated altera_merlin_router "router_002"
Info: router_003: "mm_interconnect_0" instantiated altera_merlin_router "router_003"
Info: cmd_demux: "mm_interconnect_0" instantiated altera_merlin_demultiplexer "cmd_demux"
Info: cmd_demux_001: "mm_interconnect_0" instantiated altera_merlin_demultiplexer "cmd_demux_001"
Info: cmd_mux: "mm_interconnect_0" instantiated altera_merlin_multiplexer "cmd_mux"
Info: cmd_mux_001: "mm_interconnect_0" instantiated altera_merlin_multiplexer "cmd_mux_001"
Info: Reusing file D:/Users/Legion/Quartus and Verilog/Verilog/Third year/6th semester/course project/Part 2/Lab_NIOSII_6/Lab6/Lab65_nios/synthesis/submodules/altera_merlin_arbitrator.sv
Info: rsp_demux: "mm_interconnect_0" instantiated altera_merlin_demultiplexer "rsp_demux"
Info: rsp_mux: "mm_interconnect_0" instantiated altera_merlin_multiplexer "rsp_mux"
Info: Reusing file D:/Users/Legion/Quartus and Verilog/Verilog/Third year/6th semester/course project/Part 2/Lab_NIOSII_6/Lab6/Lab65_nios/synthesis/submodules/altera_merlin_arbitrator.sv
Info: rsp_mux_001: "mm_interconnect_0" instantiated altera_merlin_multiplexer "rsp_mux_001"
Info: Reusing file D:/Users/Legion/Quartus and Verilog/Verilog/Third year/6th semester/course project/Part 2/Lab_NIOSII_6/Lab6/Lab65_nios/synthesis/submodules/altera_merlin_arbitrator.sv
Info: avalon_st_adapter: "mm_interconnect_0" instantiated altera_avalon_st_adapter "avalon_st_adapter"
Info: error_adapter_0: "avalon_st_adapter" instantiated error_adapter "error_adapter_0"
Info: Lab65_nios: Done "Lab65_nios" with 33 modules, 45 files
Info: qsys-generate succeeded.
Info: Finished: Create HDL design files for synthesis
