Analysis & Synthesis report for lab5_3
Thu Oct 05 11:21:35 2023
Quartus Prime Version 18.1.0 Build 625 09/12/2018 SJ Lite Edition


---------------------
; Table of Contents ;
---------------------
  1. Legal Notice
  2. Analysis & Synthesis Summary
  3. Analysis & Synthesis Settings
  4. Parallel Compilation
  5. Analysis & Synthesis Source Files Read
  6. Analysis & Synthesis Resource Usage Summary
  7. Analysis & Synthesis Resource Utilization by Entity
  8. Analysis & Synthesis RAM Summary
  9. General Register Statistics
 10. Registers Packed Into Inferred Megafunctions
 11. Source assignments for lab5_2:lab5_2|altsyncram:rom_rtl_0|altsyncram_oh61:auto_generated
 12. Parameter Settings for User Entity Instance: lab5_2:lab5_2
 13. Parameter Settings for Inferred Entity Instance: lab5_2:lab5_2|altsyncram:rom_rtl_0
 14. altsyncram Parameter Settings by Entity Instance
 15. Post-Synthesis Netlist Statistics for Top Partition
 16. Elapsed Time Per Partition
 17. Analysis & Synthesis Messages



----------------
; Legal Notice ;
----------------
Copyright (C) 2018  Intel Corporation. All rights reserved.
Your use of Intel Corporation's design tools, logic functions 
and other software and tools, and its AMPP partner logic 
functions, and any output files from any of the foregoing 
(including device programming or simulation files), and any 
associated documentation or information are expressly subject 
to the terms and conditions of the Intel Program License 
Subscription Agreement, the Intel Quartus Prime License Agreement,
the Intel FPGA IP License Agreement, or other applicable license
agreement, including, without limitation, that your use is for
the sole purpose of programming logic devices manufactured by
Intel and sold by Intel or its authorized distributors.  Please
refer to the applicable agreement for further details.



+----------------------------------------------------------------------------------+
; Analysis & Synthesis Summary                                                     ;
+------------------------------------+---------------------------------------------+
; Analysis & Synthesis Status        ; Successful - Thu Oct 05 11:21:35 2023       ;
; Quartus Prime Version              ; 18.1.0 Build 625 09/12/2018 SJ Lite Edition ;
; Revision Name                      ; lab5_3                                      ;
; Top-level Entity Name              ; lab5_3                                      ;
; Family                             ; Cyclone IV E                                ;
; Total logic elements               ; 0                                           ;
;     Total combinational functions  ; 0                                           ;
;     Dedicated logic registers      ; 0                                           ;
; Total registers                    ; 0                                           ;
; Total pins                         ; 17                                          ;
; Total virtual pins                 ; 0                                           ;
; Total memory bits                  ; 2,048                                       ;
; Embedded Multiplier 9-bit elements ; 0                                           ;
; Total PLLs                         ; 0                                           ;
+------------------------------------+---------------------------------------------+


+------------------------------------------------------------------------------------------------------------+
; Analysis & Synthesis Settings                                                                              ;
+------------------------------------------------------------------+--------------------+--------------------+
; Option                                                           ; Setting            ; Default Value      ;
+------------------------------------------------------------------+--------------------+--------------------+
; Device                                                           ; EP4CE6E22C8        ;                    ;
; Top-level entity name                                            ; lab5_3             ; lab5_3             ;
; Family name                                                      ; Cyclone IV E       ; Cyclone V          ;
; Use smart compilation                                            ; Off                ; Off                ;
; Enable parallel Assembler and Timing Analyzer during compilation ; On                 ; On                 ;
; Enable compact report table                                      ; Off                ; Off                ;
; Restructure Multiplexers                                         ; Auto               ; Auto               ;
; Create Debugging Nodes for IP Cores                              ; Off                ; Off                ;
; Preserve fewer node names                                        ; On                 ; On                 ;
; Intel FPGA IP Evaluation Mode                                    ; Enable             ; Enable             ;
; Verilog Version                                                  ; Verilog_2001       ; Verilog_2001       ;
; VHDL Version                                                     ; VHDL_1993          ; VHDL_1993          ;
; State Machine Processing                                         ; Auto               ; Auto               ;
; Safe State Machine                                               ; Off                ; Off                ;
; Extract Verilog State Machines                                   ; On                 ; On                 ;
; Extract VHDL State Machines                                      ; On                 ; On                 ;
; Ignore Verilog initial constructs                                ; Off                ; Off                ;
; Iteration limit for constant Verilog loops                       ; 5000               ; 5000               ;
; Iteration limit for non-constant Verilog loops                   ; 250                ; 250                ;
; Add Pass-Through Logic to Inferred RAMs                          ; On                 ; On                 ;
; Infer RAMs from Raw Logic                                        ; On                 ; On                 ;
; Parallel Synthesis                                               ; On                 ; On                 ;
; DSP Block Balancing                                              ; Auto               ; Auto               ;
; NOT Gate Push-Back                                               ; On                 ; On                 ;
; Power-Up Don't Care                                              ; On                 ; On                 ;
; Remove Redundant Logic Cells                                     ; Off                ; Off                ;
; Remove Duplicate Registers                                       ; On                 ; On                 ;
; Ignore CARRY Buffers                                             ; Off                ; Off                ;
; Ignore CASCADE Buffers                                           ; Off                ; Off                ;
; Ignore GLOBAL Buffers                                            ; Off                ; Off                ;
; Ignore ROW GLOBAL Buffers                                        ; Off                ; Off                ;
; Ignore LCELL Buffers                                             ; Off                ; Off                ;
; Ignore SOFT Buffers                                              ; On                 ; On                 ;
; Limit AHDL Integers to 32 Bits                                   ; Off                ; Off                ;
; Optimization Technique                                           ; Balanced           ; Balanced           ;
; Carry Chain Length                                               ; 70                 ; 70                 ;
; Auto Carry Chains                                                ; On                 ; On                 ;
; Auto Open-Drain Pins                                             ; On                 ; On                 ;
; Perform WYSIWYG Primitive Resynthesis                            ; Off                ; Off                ;
; Auto ROM Replacement                                             ; On                 ; On                 ;
; Auto RAM Replacement                                             ; On                 ; On                 ;
; Auto DSP Block Replacement                                       ; On                 ; On                 ;
; Auto Shift Register Replacement                                  ; Auto               ; Auto               ;
; Allow Shift Register Merging across Hierarchies                  ; Auto               ; Auto               ;
; Auto Clock Enable Replacement                                    ; On                 ; On                 ;
; Strict RAM Replacement                                           ; Off                ; Off                ;
; Allow Synchronous Control Signals                                ; On                 ; On                 ;
; Force Use of Synchronous Clear Signals                           ; Off                ; Off                ;
; Auto RAM Block Balancing                                         ; On                 ; On                 ;
; Auto RAM to Logic Cell Conversion                                ; Off                ; Off                ;
; Auto Resource Sharing                                            ; Off                ; Off                ;
; Allow Any RAM Size For Recognition                               ; Off                ; Off                ;
; Allow Any ROM Size For Recognition                               ; Off                ; Off                ;
; Allow Any Shift Register Size For Recognition                    ; Off                ; Off                ;
; Use LogicLock Constraints during Resource Balancing              ; On                 ; On                 ;
; Ignore translate_off and synthesis_off directives                ; Off                ; Off                ;
; Timing-Driven Synthesis                                          ; On                 ; On                 ;
; Report Parameter Settings                                        ; On                 ; On                 ;
; Report Source Assignments                                        ; On                 ; On                 ;
; Report Connectivity Checks                                       ; On                 ; On                 ;
; Ignore Maximum Fan-Out Assignments                               ; Off                ; Off                ;
; Synchronization Register Chain Length                            ; 2                  ; 2                  ;
; Power Optimization During Synthesis                              ; Normal compilation ; Normal compilation ;
; HDL message level                                                ; Level2             ; Level2             ;
; Suppress Register Optimization Related Messages                  ; Off                ; Off                ;
; Number of Removed Registers Reported in Synthesis Report         ; 5000               ; 5000               ;
; Number of Swept Nodes Reported in Synthesis Report               ; 5000               ; 5000               ;
; Number of Inverted Registers Reported in Synthesis Report        ; 100                ; 100                ;
; Clock MUX Protection                                             ; On                 ; On                 ;
; Auto Gated Clock Conversion                                      ; Off                ; Off                ;
; Block Design Naming                                              ; Auto               ; Auto               ;
; SDC constraint protection                                        ; Off                ; Off                ;
; Synthesis Effort                                                 ; Auto               ; Auto               ;
; Shift Register Replacement - Allow Asynchronous Clear Signal     ; On                 ; On                 ;
; Pre-Mapping Resynthesis Optimization                             ; Off                ; Off                ;
; Analysis & Synthesis Message Level                               ; Medium             ; Medium             ;
; Disable Register Merging Across Hierarchies                      ; Auto               ; Auto               ;
; Resource Aware Inference For Block RAM                           ; On                 ; On                 ;
+------------------------------------------------------------------+--------------------+--------------------+


+------------------------------------------+
; Parallel Compilation                     ;
+----------------------------+-------------+
; Processors                 ; Number      ;
+----------------------------+-------------+
; Number detected on machine ; 32          ;
; Maximum allowed            ; 16          ;
;                            ;             ;
; Average used               ; 1.00        ;
; Maximum used               ; 1           ;
;                            ;             ;
; Usage by Processor         ; % Time Used ;
;     Processor 1            ; 100.0%      ;
+----------------------------+-------------+


+------------------------------------------------------------------------------------------------------------------------------------------------------------------------------------------------------------------------------------------------------+
; Analysis & Synthesis Source Files Read                                                                                                                                                                                                               ;
+----------------------------------------+-----------------+-------------------------------------------------------+-------------------------------------------------------------------------------------------------------------------------+---------+
; File Name with User-Entered Path       ; Used in Netlist ; File Type                                             ; File Name with Absolute Path                                                                                            ; Library ;
+----------------------------------------+-----------------+-------------------------------------------------------+-------------------------------------------------------------------------------------------------------------------------+---------+
; lab5_3.sv                              ; yes             ; User SystemVerilog HDL File                           ; D:/Users/Legion/Quartus/Works_Verilog/Third year/5th semester/lab5/lab5_3/lab5_3/lab5_3.sv                              ;         ;
; lab5_2.sv                              ; yes             ; Auto-Found SystemVerilog HDL File                     ; D:/Users/Legion/Quartus/Works_Verilog/Third year/5th semester/lab5/lab5_3/lab5_2/lab5_2.sv                              ;         ;
; altsyncram.tdf                         ; yes             ; Megafunction                                          ; d:/intelfpga_lite/18.1/quartus/libraries/megafunctions/altsyncram.tdf                                                   ;         ;
; stratix_ram_block.inc                  ; yes             ; Megafunction                                          ; d:/intelfpga_lite/18.1/quartus/libraries/megafunctions/stratix_ram_block.inc                                            ;         ;
; lpm_mux.inc                            ; yes             ; Megafunction                                          ; d:/intelfpga_lite/18.1/quartus/libraries/megafunctions/lpm_mux.inc                                                      ;         ;
; lpm_decode.inc                         ; yes             ; Megafunction                                          ; d:/intelfpga_lite/18.1/quartus/libraries/megafunctions/lpm_decode.inc                                                   ;         ;
; aglobal181.inc                         ; yes             ; Megafunction                                          ; d:/intelfpga_lite/18.1/quartus/libraries/megafunctions/aglobal181.inc                                                   ;         ;
; a_rdenreg.inc                          ; yes             ; Megafunction                                          ; d:/intelfpga_lite/18.1/quartus/libraries/megafunctions/a_rdenreg.inc                                                    ;         ;
; altrom.inc                             ; yes             ; Megafunction                                          ; d:/intelfpga_lite/18.1/quartus/libraries/megafunctions/altrom.inc                                                       ;         ;
; altram.inc                             ; yes             ; Megafunction                                          ; d:/intelfpga_lite/18.1/quartus/libraries/megafunctions/altram.inc                                                       ;         ;
; altdpram.inc                           ; yes             ; Megafunction                                          ; d:/intelfpga_lite/18.1/quartus/libraries/megafunctions/altdpram.inc                                                     ;         ;
; db/altsyncram_oh61.tdf                 ; yes             ; Auto-Generated Megafunction                           ; D:/Users/Legion/Quartus/Works_Verilog/Third year/5th semester/lab5/lab5_3/lab5_3/db/altsyncram_oh61.tdf                 ;         ;
; db/lab5_3.ram0_lab5_2_9b0cac2c.hdl.mif ; yes             ; Auto-Generated Auto-Found Memory Initialization File  ; D:/Users/Legion/Quartus/Works_Verilog/Third year/5th semester/lab5/lab5_3/lab5_3/db/lab5_3.ram0_lab5_2_9b0cac2c.hdl.mif ;         ;
+----------------------------------------+-----------------+-------------------------------------------------------+-------------------------------------------------------------------------------------------------------------------------+---------+


+---------------------------------------------------------+
; Analysis & Synthesis Resource Usage Summary             ;
+---------------------------------------------+-----------+
; Resource                                    ; Usage     ;
+---------------------------------------------+-----------+
;                                             ;           ;
; Total combinational functions               ; 0         ;
; Logic element usage by number of LUT inputs ;           ;
;     -- 4 input functions                    ; 0         ;
;     -- 3 input functions                    ; 0         ;
;     -- <=2 input functions                  ; 0         ;
;                                             ;           ;
; Logic elements by mode                      ;           ;
;     -- normal mode                          ; 0         ;
;     -- arithmetic mode                      ; 0         ;
;                                             ;           ;
; Total registers                             ; 0         ;
;     -- Dedicated logic registers            ; 0         ;
;     -- I/O registers                        ; 0         ;
;                                             ;           ;
; I/O pins                                    ; 17        ;
; Total memory bits                           ; 2048      ;
;                                             ;           ;
; Embedded Multiplier 9-bit elements          ; 0         ;
;                                             ;           ;
; Maximum fan-out node                        ; clk~input ;
; Maximum fan-out                             ; 8         ;
; Total fan-out                               ; 97        ;
; Average fan-out                             ; 2.31      ;
+---------------------------------------------+-----------+


+-----------------------------------------------------------------------------------------------------------------------------------------------------------------------------------------------------------------------------------------------------------------------------------+
; Analysis & Synthesis Resource Utilization by Entity                                                                                                                                                                                                                               ;
+-------------------------------------------+---------------------+---------------------------+-------------+--------------+---------+-----------+------+--------------+---------------------------------------------------------------------------+-----------------+--------------+
; Compilation Hierarchy Node                ; Combinational ALUTs ; Dedicated Logic Registers ; Memory Bits ; DSP Elements ; DSP 9x9 ; DSP 18x18 ; Pins ; Virtual Pins ; Full Hierarchy Name                                                       ; Entity Name     ; Library Name ;
+-------------------------------------------+---------------------+---------------------------+-------------+--------------+---------+-----------+------+--------------+---------------------------------------------------------------------------+-----------------+--------------+
; |lab5_3                                   ; 0 (0)               ; 0 (0)                     ; 2048        ; 0            ; 0       ; 0         ; 17   ; 0            ; |lab5_3                                                                   ; lab5_3          ; work         ;
;    |lab5_2:lab5_2|                        ; 0 (0)               ; 0 (0)                     ; 2048        ; 0            ; 0       ; 0         ; 0    ; 0            ; |lab5_3|lab5_2:lab5_2                                                     ; lab5_2          ; work         ;
;       |altsyncram:rom_rtl_0|              ; 0 (0)               ; 0 (0)                     ; 2048        ; 0            ; 0       ; 0         ; 0    ; 0            ; |lab5_3|lab5_2:lab5_2|altsyncram:rom_rtl_0                                ; altsyncram      ; work         ;
;          |altsyncram_oh61:auto_generated| ; 0 (0)               ; 0 (0)                     ; 2048        ; 0            ; 0       ; 0         ; 0    ; 0            ; |lab5_3|lab5_2:lab5_2|altsyncram:rom_rtl_0|altsyncram_oh61:auto_generated ; altsyncram_oh61 ; work         ;
+-------------------------------------------+---------------------+---------------------------+-------------+--------------+---------+-----------+------+--------------+---------------------------------------------------------------------------+-----------------+--------------+
Note: For table entries with two numbers listed, the numbers in parentheses indicate the number of resources of the given type used by the specific entity alone. The numbers listed outside of parentheses indicate the total resources of the given type used by the specific entity and all of its sub-entities in the hierarchy.


+--------------------------------------------------------------------------------------------------------------------------------------------------------------------------------------------------------+
; Analysis & Synthesis RAM Summary                                                                                                                                                                       ;
+------------------------------------------------------------------------------+------+------+--------------+--------------+--------------+--------------+------+----------------------------------------+
; Name                                                                         ; Type ; Mode ; Port A Depth ; Port A Width ; Port B Depth ; Port B Width ; Size ; MIF                                    ;
+------------------------------------------------------------------------------+------+------+--------------+--------------+--------------+--------------+------+----------------------------------------+
; lab5_2:lab5_2|altsyncram:rom_rtl_0|altsyncram_oh61:auto_generated|ALTSYNCRAM ; AUTO ; ROM  ; 256          ; 8            ; --           ; --           ; 2048 ; db/lab5_3.ram0_lab5_2_9b0cac2c.hdl.mif ;
+------------------------------------------------------------------------------+------+------+--------------+--------------+--------------+--------------+------+----------------------------------------+


+------------------------------------------------------+
; General Register Statistics                          ;
+----------------------------------------------+-------+
; Statistic                                    ; Value ;
+----------------------------------------------+-------+
; Total registers                              ; 0     ;
; Number of registers using Synchronous Clear  ; 0     ;
; Number of registers using Synchronous Load   ; 0     ;
; Number of registers using Asynchronous Clear ; 0     ;
; Number of registers using Asynchronous Load  ; 0     ;
; Number of registers using Clock Enable       ; 0     ;
; Number of registers using Preset             ; 0     ;
+----------------------------------------------+-------+


+--------------------------------------------------------+
; Registers Packed Into Inferred Megafunctions           ;
+-----------------------+-------------------------+------+
; Register Name         ; Megafunction            ; Type ;
+-----------------------+-------------------------+------+
; lab5_2:lab5_2|q[0..7] ; lab5_2:lab5_2|rom_rtl_0 ; RAM  ;
+-----------------------+-------------------------+------+


+------------------------------------------------------------------------------------------+
; Source assignments for lab5_2:lab5_2|altsyncram:rom_rtl_0|altsyncram_oh61:auto_generated ;
+---------------------------------+--------------------+------+----------------------------+
; Assignment                      ; Value              ; From ; To                         ;
+---------------------------------+--------------------+------+----------------------------+
; OPTIMIZE_POWER_DURING_SYNTHESIS ; NORMAL_COMPILATION ; -    ; -                          ;
+---------------------------------+--------------------+------+----------------------------+


+------------------------------------------------------------+
; Parameter Settings for User Entity Instance: lab5_2:lab5_2 ;
+----------------+-------+-----------------------------------+
; Parameter Name ; Value ; Type                              ;
+----------------+-------+-----------------------------------+
; N              ; 100   ; Unsigned Binary                   ;
+----------------+-------+-----------------------------------+
Note: In order to hide this table in the UI and the text report file, please set the "Show Parameter Settings in Synthesis Report" option in "Analysis and Synthesis Settings -> More Settings" to "Off".


+----------------------------------------------------------------------------------------------+
; Parameter Settings for Inferred Entity Instance: lab5_2:lab5_2|altsyncram:rom_rtl_0          ;
+------------------------------------+----------------------------------------+----------------+
; Parameter Name                     ; Value                                  ; Type           ;
+------------------------------------+----------------------------------------+----------------+
; BYTE_SIZE_BLOCK                    ; 8                                      ; Untyped        ;
; AUTO_CARRY_CHAINS                  ; ON                                     ; AUTO_CARRY     ;
; IGNORE_CARRY_BUFFERS               ; OFF                                    ; IGNORE_CARRY   ;
; AUTO_CASCADE_CHAINS                ; ON                                     ; AUTO_CASCADE   ;
; IGNORE_CASCADE_BUFFERS             ; OFF                                    ; IGNORE_CASCADE ;
; WIDTH_BYTEENA                      ; 1                                      ; Untyped        ;
; OPERATION_MODE                     ; ROM                                    ; Untyped        ;
; WIDTH_A                            ; 8                                      ; Untyped        ;
; WIDTHAD_A                          ; 8                                      ; Untyped        ;
; NUMWORDS_A                         ; 256                                    ; Untyped        ;
; OUTDATA_REG_A                      ; UNREGISTERED                           ; Untyped        ;
; ADDRESS_ACLR_A                     ; NONE                                   ; Untyped        ;
; OUTDATA_ACLR_A                     ; NONE                                   ; Untyped        ;
; WRCONTROL_ACLR_A                   ; NONE                                   ; Untyped        ;
; INDATA_ACLR_A                      ; NONE                                   ; Untyped        ;
; BYTEENA_ACLR_A                     ; NONE                                   ; Untyped        ;
; WIDTH_B                            ; 1                                      ; Untyped        ;
; WIDTHAD_B                          ; 1                                      ; Untyped        ;
; NUMWORDS_B                         ; 1                                      ; Untyped        ;
; INDATA_REG_B                       ; CLOCK1                                 ; Untyped        ;
; WRCONTROL_WRADDRESS_REG_B          ; CLOCK1                                 ; Untyped        ;
; RDCONTROL_REG_B                    ; CLOCK1                                 ; Untyped        ;
; ADDRESS_REG_B                      ; CLOCK1                                 ; Untyped        ;
; OUTDATA_REG_B                      ; UNREGISTERED                           ; Untyped        ;
; BYTEENA_REG_B                      ; CLOCK1                                 ; Untyped        ;
; INDATA_ACLR_B                      ; NONE                                   ; Untyped        ;
; WRCONTROL_ACLR_B                   ; NONE                                   ; Untyped        ;
; ADDRESS_ACLR_B                     ; NONE                                   ; Untyped        ;
; OUTDATA_ACLR_B                     ; NONE                                   ; Untyped        ;
; RDCONTROL_ACLR_B                   ; NONE                                   ; Untyped        ;
; BYTEENA_ACLR_B                     ; NONE                                   ; Untyped        ;
; WIDTH_BYTEENA_A                    ; 1                                      ; Untyped        ;
; WIDTH_BYTEENA_B                    ; 1                                      ; Untyped        ;
; RAM_BLOCK_TYPE                     ; AUTO                                   ; Untyped        ;
; BYTE_SIZE                          ; 8                                      ; Untyped        ;
; READ_DURING_WRITE_MODE_MIXED_PORTS ; DONT_CARE                              ; Untyped        ;
; READ_DURING_WRITE_MODE_PORT_A      ; NEW_DATA_NO_NBE_READ                   ; Untyped        ;
; READ_DURING_WRITE_MODE_PORT_B      ; NEW_DATA_NO_NBE_READ                   ; Untyped        ;
; INIT_FILE                          ; db/lab5_3.ram0_lab5_2_9b0cac2c.hdl.mif ; Untyped        ;
; INIT_FILE_LAYOUT                   ; PORT_A                                 ; Untyped        ;
; MAXIMUM_DEPTH                      ; 0                                      ; Untyped        ;
; CLOCK_ENABLE_INPUT_A               ; NORMAL                                 ; Untyped        ;
; CLOCK_ENABLE_INPUT_B               ; NORMAL                                 ; Untyped        ;
; CLOCK_ENABLE_OUTPUT_A              ; NORMAL                                 ; Untyped        ;
; CLOCK_ENABLE_OUTPUT_B              ; NORMAL                                 ; Untyped        ;
; CLOCK_ENABLE_CORE_A                ; USE_INPUT_CLKEN                        ; Untyped        ;
; CLOCK_ENABLE_CORE_B                ; USE_INPUT_CLKEN                        ; Untyped        ;
; ENABLE_ECC                         ; FALSE                                  ; Untyped        ;
; ECC_PIPELINE_STAGE_ENABLED         ; FALSE                                  ; Untyped        ;
; WIDTH_ECCSTATUS                    ; 3                                      ; Untyped        ;
; DEVICE_FAMILY                      ; Cyclone IV E                           ; Untyped        ;
; CBXI_PARAMETER                     ; altsyncram_oh61                        ; Untyped        ;
+------------------------------------+----------------------------------------+----------------+
Note: In order to hide this table in the UI and the text report file, please set the "Show Parameter Settings in Synthesis Report" option in "Analysis and Synthesis Settings -> More Settings" to "Off".


+--------------------------------------------------------------------------------+
; altsyncram Parameter Settings by Entity Instance                               ;
+-------------------------------------------+------------------------------------+
; Name                                      ; Value                              ;
+-------------------------------------------+------------------------------------+
; Number of entity instances                ; 1                                  ;
; Entity Instance                           ; lab5_2:lab5_2|altsyncram:rom_rtl_0 ;
;     -- OPERATION_MODE                     ; ROM                                ;
;     -- WIDTH_A                            ; 8                                  ;
;     -- NUMWORDS_A                         ; 256                                ;
;     -- OUTDATA_REG_A                      ; UNREGISTERED                       ;
;     -- WIDTH_B                            ; 1                                  ;
;     -- NUMWORDS_B                         ; 1                                  ;
;     -- ADDRESS_REG_B                      ; CLOCK1                             ;
;     -- OUTDATA_REG_B                      ; UNREGISTERED                       ;
;     -- RAM_BLOCK_TYPE                     ; AUTO                               ;
;     -- READ_DURING_WRITE_MODE_MIXED_PORTS ; DONT_CARE                          ;
+-------------------------------------------+------------------------------------+


+-----------------------------------------------------+
; Post-Synthesis Netlist Statistics for Top Partition ;
+-----------------------+-----------------------------+
; Type                  ; Count                       ;
+-----------------------+-----------------------------+
; boundary_port         ; 17                          ;
; cycloneiii_lcell_comb ; 8                           ;
;     normal            ; 8                           ;
;         1 data inputs ; 8                           ;
; cycloneiii_ram_block  ; 8                           ;
;                       ;                             ;
; Max LUT depth         ; 1.00                        ;
; Average LUT depth     ; 0.64                        ;
+-----------------------+-----------------------------+


+-------------------------------+
; Elapsed Time Per Partition    ;
+----------------+--------------+
; Partition Name ; Elapsed Time ;
+----------------+--------------+
; Top            ; 00:00:00     ;
+----------------+--------------+


+-------------------------------+
; Analysis & Synthesis Messages ;
+-------------------------------+
Info: *******************************************************************
Info: Running Quartus Prime Analysis & Synthesis
    Info: Version 18.1.0 Build 625 09/12/2018 SJ Lite Edition
    Info: Processing started: Thu Oct 05 11:21:30 2023
Info: Command: quartus_map --read_settings_files=on --write_settings_files=off lab5_3 -c lab5_3
Warning (18236): Number of processors has not been specified which may cause overloading on shared machines.  Set the global assignment NUM_PARALLEL_PROCESSORS in your QSF to an appropriate value for best performance.
Info (20030): Parallel compilation is enabled and will use 16 of the 32 processors detected
Info (12021): Found 1 design units, including 1 entities, in source file lab5_3.sv
    Info (12023): Found entity 1: lab5_3 File: D:/Users/Legion/Quartus/Works_Verilog/Third year/5th semester/lab5/lab5_3/lab5_3/lab5_3.sv Line: 1
Info (12127): Elaborating entity "lab5_3" for the top level hierarchy
Warning (12125): Using design file /users/legion/quartus/works_verilog/third year/5th semester/lab5/lab5_3/lab5_2/lab5_2.sv, which is not specified as a design file for the current project, but contains definitions for 1 design units and 1 entities in project
    Info (12023): Found entity 1: lab5_2 File: D:/Users/Legion/Quartus/Works_Verilog/Third year/5th semester/lab5/lab5_3/lab5_2/lab5_2.sv Line: 1
Info (12128): Elaborating entity "lab5_2" for hierarchy "lab5_2:lab5_2" File: D:/Users/Legion/Quartus/Works_Verilog/Third year/5th semester/lab5/lab5_3/lab5_3/lab5_3.sv Line: 10
Warning (10230): Verilog HDL assignment warning at lab5_2.sv(16): truncated value with size 32 to match size of target (4) File: D:/Users/Legion/Quartus/Works_Verilog/Third year/5th semester/lab5/lab5_3/lab5_2/lab5_2.sv Line: 16
Warning (10230): Verilog HDL assignment warning at lab5_2.sv(17): truncated value with size 32 to match size of target (4) File: D:/Users/Legion/Quartus/Works_Verilog/Third year/5th semester/lab5/lab5_3/lab5_2/lab5_2.sv Line: 17
Warning (10030): Net "rom.data_a" at lab5_2.sv(9) has no driver or initial value, using a default initial value '0' File: D:/Users/Legion/Quartus/Works_Verilog/Third year/5th semester/lab5/lab5_3/lab5_2/lab5_2.sv Line: 9
Warning (10030): Net "rom.waddr_a" at lab5_2.sv(9) has no driver or initial value, using a default initial value '0' File: D:/Users/Legion/Quartus/Works_Verilog/Third year/5th semester/lab5/lab5_3/lab5_2/lab5_2.sv Line: 9
Warning (10030): Net "rom.we_a" at lab5_2.sv(9) has no driver or initial value, using a default initial value '0' File: D:/Users/Legion/Quartus/Works_Verilog/Third year/5th semester/lab5/lab5_3/lab5_2/lab5_2.sv Line: 9
Info (19000): Inferred 1 megafunctions from design logic
    Info (276029): Inferred altsyncram megafunction from the following design logic: "lab5_2:lab5_2|rom_rtl_0" 
        Info (286033): Parameter OPERATION_MODE set to ROM
        Info (286033): Parameter WIDTH_A set to 8
        Info (286033): Parameter WIDTHAD_A set to 8
        Info (286033): Parameter NUMWORDS_A set to 256
        Info (286033): Parameter OUTDATA_REG_A set to UNREGISTERED
        Info (286033): Parameter ADDRESS_ACLR_A set to NONE
        Info (286033): Parameter OUTDATA_ACLR_A set to NONE
        Info (286033): Parameter INDATA_ACLR_A set to NONE
        Info (286033): Parameter WRCONTROL_ACLR_A set to NONE
        Info (286033): Parameter INIT_FILE set to db/lab5_3.ram0_lab5_2_9b0cac2c.hdl.mif
Info (12130): Elaborated megafunction instantiation "lab5_2:lab5_2|altsyncram:rom_rtl_0"
Info (12133): Instantiated megafunction "lab5_2:lab5_2|altsyncram:rom_rtl_0" with the following parameter:
    Info (12134): Parameter "OPERATION_MODE" = "ROM"
    Info (12134): Parameter "WIDTH_A" = "8"
    Info (12134): Parameter "WIDTHAD_A" = "8"
    Info (12134): Parameter "NUMWORDS_A" = "256"
    Info (12134): Parameter "OUTDATA_REG_A" = "UNREGISTERED"
    Info (12134): Parameter "ADDRESS_ACLR_A" = "NONE"
    Info (12134): Parameter "OUTDATA_ACLR_A" = "NONE"
    Info (12134): Parameter "INDATA_ACLR_A" = "NONE"
    Info (12134): Parameter "WRCONTROL_ACLR_A" = "NONE"
    Info (12134): Parameter "INIT_FILE" = "db/lab5_3.ram0_lab5_2_9b0cac2c.hdl.mif"
Info (12021): Found 1 design units, including 1 entities, in source file db/altsyncram_oh61.tdf
    Info (12023): Found entity 1: altsyncram_oh61 File: D:/Users/Legion/Quartus/Works_Verilog/Third year/5th semester/lab5/lab5_3/lab5_3/db/altsyncram_oh61.tdf Line: 27
Info (16010): Generating hard_block partition "hard_block:auto_generated_inst"
    Info (16011): Adding 0 node(s), including 0 DDIO, 0 PLL, 0 transceiver and 0 LCELL
Info (21057): Implemented 25 device resources after synthesis - the final resource count might be different
    Info (21058): Implemented 9 input pins
    Info (21059): Implemented 8 output pins
    Info (21064): Implemented 8 RAM segments
Info: Quartus Prime Analysis & Synthesis was successful. 0 errors, 7 warnings
    Info: Peak virtual memory: 4745 megabytes
    Info: Processing ended: Thu Oct 05 11:21:35 2023
    Info: Elapsed time: 00:00:05
    Info: Total CPU time (on all processors): 00:00:03


