Flow report for lab_ms_sv5
Wed Mar 20 16:02:44 2024
Quartus Prime Version 18.1.0 Build 625 09/12/2018 SJ Lite Edition


---------------------
; Table of Contents ;
---------------------
  1. Legal Notice
  2. Flow Summary
  3. Flow Settings
  4. Flow Non-Default Global Settings
  5. Flow Elapsed Time
  6. Flow OS Summary
  7. Flow Log
  8. Flow Messages
  9. Flow Suppressed Messages



----------------
; Legal Notice ;
----------------
Copyright (C) 2018  Intel Corporation. All rights reserved.
Your use of Intel Corporation's design tools, logic functions 
and other software and tools, and its AMPP partner logic 
functions, and any output files from any of the foregoing 
(including device programming or simulation files), and any 
associated documentation or information are expressly subject 
to the terms and conditions of the Intel Program License 
Subscription Agreement, the Intel Quartus Prime License Agreement,
the Intel FPGA IP License Agreement, or other applicable license
agreement, including, without limitation, that your use is for
the sole purpose of programming logic devices manufactured by
Intel and sold by Intel or its authorized distributors.  Please
refer to the applicable agreement for further details.



+----------------------------------------------------------------------------------+
; Flow Summary                                                                     ;
+------------------------------------+---------------------------------------------+
; Flow Status                        ; Successful - Wed Mar 20 16:02:44 2024       ;
; Quartus Prime Version              ; 18.1.0 Build 625 09/12/2018 SJ Lite Edition ;
; Revision Name                      ; lab_ms_sv5                                  ;
; Top-level Entity Name              ; db_lab_MS_SV5                               ;
; Family                             ; Cyclone IV E                                ;
; Device                             ; EP4CE6E22C8                                 ;
; Timing Models                      ; Final                                       ;
; Total logic elements               ; 1,081 / 6,272 ( 17 % )                      ;
;     Total combinational functions  ; 646 / 6,272 ( 10 % )                        ;
;     Dedicated logic registers      ; 868 / 6,272 ( 14 % )                        ;
; Total registers                    ; 868                                         ;
; Total pins                         ; 1 / 92 ( 1 % )                              ;
; Total virtual pins                 ; 0                                           ;
; Total memory bits                  ; 4,736 / 276,480 ( 2 % )                     ;
; Embedded Multiplier 9-bit elements ; 0 / 30 ( 0 % )                              ;
; Total PLLs                         ; 0 / 2 ( 0 % )                               ;
+------------------------------------+---------------------------------------------+


+-----------------------------------------+
; Flow Settings                           ;
+-------------------+---------------------+
; Option            ; Setting             ;
+-------------------+---------------------+
; Start date & time ; 03/20/2024 16:02:01 ;
; Main task         ; Compilation         ;
; Revision Name     ; lab_ms_sv5          ;
+-------------------+---------------------+


+---------------------------------------------------------------------------------------------------------------------------------------------------------------------------------------------------------------------------------------------------+
; Flow Non-Default Global Settings                                                                                                                                                                                                                  ;
+--------------------------------------+---------------------------------------------------------------------------------------------------------------------------------------------------------+---------------+---------------+------------------+
; Assignment Name                      ; Value                                                                                                                                                   ; Default Value ; Entity Name   ; Section Id       ;
+--------------------------------------+---------------------------------------------------------------------------------------------------------------------------------------------------------+---------------+---------------+------------------+
; COMPILER_SIGNATURE_ID                ; 127943352807685.171093972121704                                                                                                                         ; --            ; --            ; --               ;
; EDA_DESIGN_INSTANCE_NAME             ; NA                                                                                                                                                      ; --            ; --            ; tb_lab_MS_SV5    ;
; EDA_DESIGN_INSTANCE_NAME             ; NA                                                                                                                                                      ; --            ; --            ; db_lab_MS_SV5    ;
; EDA_NATIVELINK_SIMULATION_TEST_BENCH ; tb_lab_MS_SV5                                                                                                                                           ; --            ; --            ; eda_simulation   ;
; EDA_OUTPUT_DATA_FORMAT               ; Systemverilog Hdl                                                                                                                                       ; --            ; --            ; eda_simulation   ;
; EDA_SIMULATION_TOOL                  ; ModelSim-Altera (SystemVerilog)                                                                                                                         ; <None>        ; --            ; --               ;
; EDA_TEST_BENCH_ENABLE_STATUS         ; TEST_BENCH_MODE                                                                                                                                         ; --            ; --            ; eda_simulation   ;
; EDA_TEST_BENCH_FILE                  ; tb_lab_MS_SV5.sv                                                                                                                                        ; --            ; --            ; tb_lab_MS_SV5    ;
; EDA_TEST_BENCH_FILE                  ; db_lab_MS_SV5.sv                                                                                                                                        ; --            ; --            ; db_lab_MS_SV5    ;
; EDA_TEST_BENCH_MODULE_NAME           ; tb_lab_MS_SV5                                                                                                                                           ; --            ; --            ; tb_lab_MS_SV5    ;
; EDA_TEST_BENCH_MODULE_NAME           ; db_lab_MS_SV5                                                                                                                                           ; --            ; --            ; db_lab_MS_SV5    ;
; EDA_TEST_BENCH_NAME                  ; tb_lab_MS_SV5                                                                                                                                           ; --            ; --            ; eda_simulation   ;
; EDA_TEST_BENCH_NAME                  ; db_lab_MS_SV5                                                                                                                                           ; --            ; --            ; eda_simulation   ;
; EDA_TIME_SCALE                       ; 1 ps                                                                                                                                                    ; --            ; --            ; eda_simulation   ;
; ENABLE_SIGNALTAP                     ; On                                                                                                                                                      ; --            ; --            ; --               ;
; MAX_CORE_JUNCTION_TEMP               ; 85                                                                                                                                                      ; --            ; --            ; --               ;
; MIN_CORE_JUNCTION_TEMP               ; 0                                                                                                                                                       ; --            ; --            ; --               ;
; MISC_FILE                            ; Sp_1/synthesis/../Sp_1.cmp                                                                                                                              ; --            ; --            ; --               ;
; MISC_FILE                            ; Sp_1/synthesis/../../Sp_1.qsys                                                                                                                          ; --            ; --            ; --               ;
; MISC_FILE                            ; SP_unit/synthesis/../SP_unit.cmp                                                                                                                        ; --            ; --            ; --               ;
; MISC_FILE                            ; SP_unit/synthesis/../../SP_unit.qsys                                                                                                                    ; --            ; --            ; --               ;
; NOMINAL_CORE_SUPPLY_VOLTAGE          ; 1.2V                                                                                                                                                    ; --            ; --            ; --               ;
; NUM_PARALLEL_PROCESSORS              ; All                                                                                                                                                     ; --            ; --            ; --               ;
; PARTITION_COLOR                      ; -- (Not supported for targeted family)                                                                                                                  ; --            ; db_lab_MS_SV5 ; Top              ;
; PARTITION_FITTER_PRESERVATION_LEVEL  ; -- (Not supported for targeted family)                                                                                                                  ; --            ; db_lab_MS_SV5 ; Top              ;
; PARTITION_NETLIST_TYPE               ; -- (Not supported for targeted family)                                                                                                                  ; --            ; db_lab_MS_SV5 ; Top              ;
; POWER_BOARD_THERMAL_MODEL            ; None (CONSERVATIVE)                                                                                                                                     ; --            ; --            ; --               ;
; POWER_PRESET_COOLING_SOLUTION        ; 23 MM HEAT SINK WITH 200 LFPM AIRFLOW                                                                                                                   ; --            ; --            ; --               ;
; PROJECT_OUTPUT_DIRECTORY             ; output_files                                                                                                                                            ; --            ; --            ; --               ;
; SLD_FILE                             ; Sp_1/synthesis/Sp_1.debuginfo                                                                                                                           ; --            ; --            ; --               ;
; SLD_FILE                             ; SP_unit/synthesis/SP_unit.debuginfo                                                                                                                     ; --            ; --            ; --               ;
; SLD_FILE                             ; db/stp2_auto_stripped.stp                                                                                                                               ; --            ; --            ; --               ;
; SLD_INFO                             ; QSYS_NAME SP_unit HAS_SOPCINFO 1 GENERATION_ID 1710931627                                                                                               ; --            ; SP_unit       ; --               ;
; SLD_INFO                             ; QSYS_NAME Sp_1 HAS_SOPCINFO 1 GENERATION_ID 1710938696                                                                                                  ; --            ; Sp_1          ; --               ;
; SLD_NODE_CREATOR_ID                  ; 110                                                                                                                                                     ; --            ; --            ; auto_signaltap_0 ;
; SLD_NODE_ENTITY_NAME                 ; sld_signaltap                                                                                                                                           ; --            ; --            ; auto_signaltap_0 ;
; SLD_NODE_PARAMETER_ASSIGNMENT        ; SLD_RAM_BLOCK_TYPE=AUTO                                                                                                                                 ; --            ; --            ; auto_signaltap_0 ;
; SLD_NODE_PARAMETER_ASSIGNMENT        ; SLD_DATA_BITS=37                                                                                                                                        ; --            ; --            ; auto_signaltap_0 ;
; SLD_NODE_PARAMETER_ASSIGNMENT        ; SLD_TRIGGER_BITS=37                                                                                                                                     ; --            ; --            ; auto_signaltap_0 ;
; SLD_NODE_PARAMETER_ASSIGNMENT        ; SLD_STORAGE_QUALIFIER_BITS=37                                                                                                                           ; --            ; --            ; auto_signaltap_0 ;
; SLD_NODE_PARAMETER_ASSIGNMENT        ; SLD_NODE_INFO=805334528                                                                                                                                 ; --            ; --            ; auto_signaltap_0 ;
; SLD_NODE_PARAMETER_ASSIGNMENT        ; SLD_POWER_UP_TRIGGER=0                                                                                                                                  ; --            ; --            ; auto_signaltap_0 ;
; SLD_NODE_PARAMETER_ASSIGNMENT        ; SLD_INVERSION_MASK=000000000000000000000000000000000000000000000000000000000000000000000000000000000000000000000000000000000000000000000000000000000000 ; --            ; --            ; auto_signaltap_0 ;
; SLD_NODE_PARAMETER_ASSIGNMENT        ; SLD_INVERSION_MASK_LENGTH=132                                                                                                                           ; --            ; --            ; auto_signaltap_0 ;
; SLD_NODE_PARAMETER_ASSIGNMENT        ; SLD_STORAGE_QUALIFIER_INVERSION_MASK_LENGTH=0                                                                                                           ; --            ; --            ; auto_signaltap_0 ;
; SLD_NODE_PARAMETER_ASSIGNMENT        ; SLD_SEGMENT_SIZE=128                                                                                                                                    ; --            ; --            ; auto_signaltap_0 ;
; SLD_NODE_PARAMETER_ASSIGNMENT        ; SLD_ATTRIBUTE_MEM_MODE=OFF                                                                                                                              ; --            ; --            ; auto_signaltap_0 ;
; SLD_NODE_PARAMETER_ASSIGNMENT        ; SLD_STATE_FLOW_USE_GENERATED=0                                                                                                                          ; --            ; --            ; auto_signaltap_0 ;
; SLD_NODE_PARAMETER_ASSIGNMENT        ; SLD_STATE_BITS=11                                                                                                                                       ; --            ; --            ; auto_signaltap_0 ;
; SLD_NODE_PARAMETER_ASSIGNMENT        ; SLD_BUFFER_FULL_STOP=1                                                                                                                                  ; --            ; --            ; auto_signaltap_0 ;
; SLD_NODE_PARAMETER_ASSIGNMENT        ; SLD_CURRENT_RESOURCE_WIDTH=1                                                                                                                            ; --            ; --            ; auto_signaltap_0 ;
; SLD_NODE_PARAMETER_ASSIGNMENT        ; SLD_INCREMENTAL_ROUTING=1                                                                                                                               ; --            ; --            ; auto_signaltap_0 ;
; SLD_NODE_PARAMETER_ASSIGNMENT        ; SLD_TRIGGER_LEVEL=1                                                                                                                                     ; --            ; --            ; auto_signaltap_0 ;
; SLD_NODE_PARAMETER_ASSIGNMENT        ; SLD_SAMPLE_DEPTH=128                                                                                                                                    ; --            ; --            ; auto_signaltap_0 ;
; SLD_NODE_PARAMETER_ASSIGNMENT        ; SLD_TRIGGER_IN_ENABLED=0                                                                                                                                ; --            ; --            ; auto_signaltap_0 ;
; SLD_NODE_PARAMETER_ASSIGNMENT        ; SLD_TRIGGER_PIPELINE=0                                                                                                                                  ; --            ; --            ; auto_signaltap_0 ;
; SLD_NODE_PARAMETER_ASSIGNMENT        ; SLD_RAM_PIPELINE=0                                                                                                                                      ; --            ; --            ; auto_signaltap_0 ;
; SLD_NODE_PARAMETER_ASSIGNMENT        ; SLD_COUNTER_PIPELINE=0                                                                                                                                  ; --            ; --            ; auto_signaltap_0 ;
; SLD_NODE_PARAMETER_ASSIGNMENT        ; SLD_ADVANCED_TRIGGER_ENTITY=basic,1,                                                                                                                    ; --            ; --            ; auto_signaltap_0 ;
; SLD_NODE_PARAMETER_ASSIGNMENT        ; SLD_TRIGGER_LEVEL_PIPELINE=1                                                                                                                            ; --            ; --            ; auto_signaltap_0 ;
; SLD_NODE_PARAMETER_ASSIGNMENT        ; SLD_ENABLE_ADVANCED_TRIGGER=0                                                                                                                           ; --            ; --            ; auto_signaltap_0 ;
; SOPCINFO_FILE                        ; Sp_1/synthesis/../../Sp_1.sopcinfo                                                                                                                      ; --            ; --            ; --               ;
; SOPCINFO_FILE                        ; SP_unit/synthesis/../../SP_unit.sopcinfo                                                                                                                ; --            ; --            ; --               ;
; SYNTHESIS_ONLY_QIP                   ; On                                                                                                                                                      ; --            ; --            ; --               ;
; SYNTHESIS_ONLY_QIP                   ; On                                                                                                                                                      ; --            ; --            ; --               ;
; TOP_LEVEL_ENTITY                     ; db_lab_MS_SV5                                                                                                                                           ; lab_ms_sv5    ; --            ; --               ;
; USE_SIGNALTAP_FILE                   ; stp2.stp                                                                                                                                                ; --            ; --            ; --               ;
+--------------------------------------+---------------------------------------------------------------------------------------------------------------------------------------------------------+---------------+---------------+------------------+


+--------------------------------------------------------------------------------------------------------------------------+
; Flow Elapsed Time                                                                                                        ;
+----------------------+--------------+-------------------------+---------------------+------------------------------------+
; Module Name          ; Elapsed Time ; Average Processors Used ; Peak Virtual Memory ; Total CPU Time (on all processors) ;
+----------------------+--------------+-------------------------+---------------------+------------------------------------+
; Analysis & Synthesis ; 00:00:27     ; 1.0                     ; 4899 MB             ; 00:00:23                           ;
; Fitter               ; 00:00:05     ; 1.3                     ; 6494 MB             ; 00:00:04                           ;
; Assembler            ; 00:00:01     ; 1.0                     ; 4676 MB             ; 00:00:01                           ;
; Timing Analyzer      ; 00:00:02     ; 1.4                     ; 4908 MB             ; 00:00:01                           ;
; EDA Netlist Writer   ; 00:00:03     ; 1.0                     ; 4658 MB             ; 00:00:02                           ;
; Total                ; 00:00:38     ; --                      ; --                  ; 00:00:31                           ;
+----------------------+--------------+-------------------------+---------------------+------------------------------------+


+------------------------------------------------------------------------------------+
; Flow OS Summary                                                                    ;
+----------------------+------------------+------------+------------+----------------+
; Module Name          ; Machine Hostname ; OS Name    ; OS Version ; Processor type ;
+----------------------+------------------+------------+------------+----------------+
; Analysis & Synthesis ; MatNepo          ; Windows 10 ; 10.0       ; x86_64         ;
; Fitter               ; MatNepo          ; Windows 10 ; 10.0       ; x86_64         ;
; Assembler            ; MatNepo          ; Windows 10 ; 10.0       ; x86_64         ;
; Timing Analyzer      ; MatNepo          ; Windows 10 ; 10.0       ; x86_64         ;
; EDA Netlist Writer   ; MatNepo          ; Windows 10 ; 10.0       ; x86_64         ;
+----------------------+------------------+------------+------------+----------------+


------------
; Flow Log ;
------------
quartus_map --read_settings_files=on --write_settings_files=off lab_ms_sv5 -c lab_ms_sv5
quartus_fit --read_settings_files=off --write_settings_files=off lab_ms_sv5 -c lab_ms_sv5
quartus_asm --read_settings_files=off --write_settings_files=off lab_ms_sv5 -c lab_ms_sv5
quartus_sta lab_ms_sv5 -c lab_ms_sv5
quartus_eda --read_settings_files=off --write_settings_files=off lab_ms_sv5 -c lab_ms_sv5



