Analysis & Synthesis report for lab_ms_sv5
Tue Mar 19 14:22:06 2024
Quartus Prime Version 18.1.0 Build 625 09/12/2018 SJ Lite Edition


---------------------
; Table of Contents ;
---------------------
  1. Legal Notice
  2. Analysis & Synthesis Summary
  3. Analysis & Synthesis Settings
  4. Parallel Compilation
  5. Analysis & Synthesis Source Files Read
  6. Analysis & Synthesis Resource Usage Summary
  7. Analysis & Synthesis Resource Utilization by Entity
  8. State Machine - |lab_ms_sv5|master:UUT_master|fsm_MM
  9. Registers Removed During Synthesis
 10. General Register Statistics
 11. Multiplexer Restructuring Statistics (Restructuring Performed)
 12. Post-Synthesis Netlist Statistics for Top Partition
 13. Elapsed Time Per Partition
 14. Analysis & Synthesis Messages



----------------
; Legal Notice ;
----------------
Copyright (C) 2018  Intel Corporation. All rights reserved.
Your use of Intel Corporation's design tools, logic functions 
and other software and tools, and its AMPP partner logic 
functions, and any output files from any of the foregoing 
(including device programming or simulation files), and any 
associated documentation or information are expressly subject 
to the terms and conditions of the Intel Program License 
Subscription Agreement, the Intel Quartus Prime License Agreement,
the Intel FPGA IP License Agreement, or other applicable license
agreement, including, without limitation, that your use is for
the sole purpose of programming logic devices manufactured by
Intel and sold by Intel or its authorized distributors.  Please
refer to the applicable agreement for further details.



+----------------------------------------------------------------------------------+
; Analysis & Synthesis Summary                                                     ;
+------------------------------------+---------------------------------------------+
; Analysis & Synthesis Status        ; Successful - Tue Mar 19 14:22:06 2024       ;
; Quartus Prime Version              ; 18.1.0 Build 625 09/12/2018 SJ Lite Edition ;
; Revision Name                      ; lab_ms_sv5                                  ;
; Top-level Entity Name              ; lab_ms_sv5                                  ;
; Family                             ; Cyclone IV E                                ;
; Total logic elements               ; 28                                          ;
;     Total combinational functions  ; 20                                          ;
;     Dedicated logic registers      ; 26                                          ;
; Total registers                    ; 26                                          ;
; Total pins                         ; 18                                          ;
; Total virtual pins                 ; 0                                           ;
; Total memory bits                  ; 0                                           ;
; Embedded Multiplier 9-bit elements ; 0                                           ;
; Total PLLs                         ; 0                                           ;
+------------------------------------+---------------------------------------------+


+------------------------------------------------------------------------------------------------------------+
; Analysis & Synthesis Settings                                                                              ;
+------------------------------------------------------------------+--------------------+--------------------+
; Option                                                           ; Setting            ; Default Value      ;
+------------------------------------------------------------------+--------------------+--------------------+
; Device                                                           ; EP4CE6E22C8        ;                    ;
; Top-level entity name                                            ; lab_ms_sv5         ; lab_ms_sv5         ;
; Family name                                                      ; Cyclone IV E       ; Cyclone V          ;
; Maximum processors allowed for parallel compilation              ; All                ;                    ;
; Use smart compilation                                            ; Off                ; Off                ;
; Enable parallel Assembler and Timing Analyzer during compilation ; On                 ; On                 ;
; Enable compact report table                                      ; Off                ; Off                ;
; Restructure Multiplexers                                         ; Auto               ; Auto               ;
; Create Debugging Nodes for IP Cores                              ; Off                ; Off                ;
; Preserve fewer node names                                        ; On                 ; On                 ;
; Intel FPGA IP Evaluation Mode                                    ; Enable             ; Enable             ;
; Verilog Version                                                  ; Verilog_2001       ; Verilog_2001       ;
; VHDL Version                                                     ; VHDL_1993          ; VHDL_1993          ;
; State Machine Processing                                         ; Auto               ; Auto               ;
; Safe State Machine                                               ; Off                ; Off                ;
; Extract Verilog State Machines                                   ; On                 ; On                 ;
; Extract VHDL State Machines                                      ; On                 ; On                 ;
; Ignore Verilog initial constructs                                ; Off                ; Off                ;
; Iteration limit for constant Verilog loops                       ; 5000               ; 5000               ;
; Iteration limit for non-constant Verilog loops                   ; 250                ; 250                ;
; Add Pass-Through Logic to Inferred RAMs                          ; On                 ; On                 ;
; Infer RAMs from Raw Logic                                        ; On                 ; On                 ;
; Parallel Synthesis                                               ; On                 ; On                 ;
; DSP Block Balancing                                              ; Auto               ; Auto               ;
; NOT Gate Push-Back                                               ; On                 ; On                 ;
; Power-Up Don't Care                                              ; On                 ; On                 ;
; Remove Redundant Logic Cells                                     ; Off                ; Off                ;
; Remove Duplicate Registers                                       ; On                 ; On                 ;
; Ignore CARRY Buffers                                             ; Off                ; Off                ;
; Ignore CASCADE Buffers                                           ; Off                ; Off                ;
; Ignore GLOBAL Buffers                                            ; Off                ; Off                ;
; Ignore ROW GLOBAL Buffers                                        ; Off                ; Off                ;
; Ignore LCELL Buffers                                             ; Off                ; Off                ;
; Ignore SOFT Buffers                                              ; On                 ; On                 ;
; Limit AHDL Integers to 32 Bits                                   ; Off                ; Off                ;
; Optimization Technique                                           ; Balanced           ; Balanced           ;
; Carry Chain Length                                               ; 70                 ; 70                 ;
; Auto Carry Chains                                                ; On                 ; On                 ;
; Auto Open-Drain Pins                                             ; On                 ; On                 ;
; Perform WYSIWYG Primitive Resynthesis                            ; Off                ; Off                ;
; Auto ROM Replacement                                             ; On                 ; On                 ;
; Auto RAM Replacement                                             ; On                 ; On                 ;
; Auto DSP Block Replacement                                       ; On                 ; On                 ;
; Auto Shift Register Replacement                                  ; Auto               ; Auto               ;
; Allow Shift Register Merging across Hierarchies                  ; Auto               ; Auto               ;
; Auto Clock Enable Replacement                                    ; On                 ; On                 ;
; Strict RAM Replacement                                           ; Off                ; Off                ;
; Allow Synchronous Control Signals                                ; On                 ; On                 ;
; Force Use of Synchronous Clear Signals                           ; Off                ; Off                ;
; Auto RAM Block Balancing                                         ; On                 ; On                 ;
; Auto RAM to Logic Cell Conversion                                ; Off                ; Off                ;
; Auto Resource Sharing                                            ; Off                ; Off                ;
; Allow Any RAM Size For Recognition                               ; Off                ; Off                ;
; Allow Any ROM Size For Recognition                               ; Off                ; Off                ;
; Allow Any Shift Register Size For Recognition                    ; Off                ; Off                ;
; Use LogicLock Constraints during Resource Balancing              ; On                 ; On                 ;
; Ignore translate_off and synthesis_off directives                ; Off                ; Off                ;
; Timing-Driven Synthesis                                          ; On                 ; On                 ;
; Report Parameter Settings                                        ; On                 ; On                 ;
; Report Source Assignments                                        ; On                 ; On                 ;
; Report Connectivity Checks                                       ; On                 ; On                 ;
; Ignore Maximum Fan-Out Assignments                               ; Off                ; Off                ;
; Synchronization Register Chain Length                            ; 2                  ; 2                  ;
; Power Optimization During Synthesis                              ; Normal compilation ; Normal compilation ;
; HDL message level                                                ; Level2             ; Level2             ;
; Suppress Register Optimization Related Messages                  ; Off                ; Off                ;
; Number of Removed Registers Reported in Synthesis Report         ; 5000               ; 5000               ;
; Number of Swept Nodes Reported in Synthesis Report               ; 5000               ; 5000               ;
; Number of Inverted Registers Reported in Synthesis Report        ; 100                ; 100                ;
; Clock MUX Protection                                             ; On                 ; On                 ;
; Auto Gated Clock Conversion                                      ; Off                ; Off                ;
; Block Design Naming                                              ; Auto               ; Auto               ;
; SDC constraint protection                                        ; Off                ; Off                ;
; Synthesis Effort                                                 ; Auto               ; Auto               ;
; Shift Register Replacement - Allow Asynchronous Clear Signal     ; On                 ; On                 ;
; Pre-Mapping Resynthesis Optimization                             ; Off                ; Off                ;
; Analysis & Synthesis Message Level                               ; Medium             ; Medium             ;
; Disable Register Merging Across Hierarchies                      ; Auto               ; Auto               ;
; Resource Aware Inference For Block RAM                           ; On                 ; On                 ;
+------------------------------------------------------------------+--------------------+--------------------+


+------------------------------------------+
; Parallel Compilation                     ;
+----------------------------+-------------+
; Processors                 ; Number      ;
+----------------------------+-------------+
; Number detected on machine ; 32          ;
; Maximum allowed            ; 16          ;
;                            ;             ;
; Average used               ; 1.00        ;
; Maximum used               ; 16          ;
;                            ;             ;
; Usage by Processor         ; % Time Used ;
;     Processor 1            ; 100.0%      ;
;     Processors 2-16        ;   0.0%      ;
+----------------------------+-------------+


+------------------------------------------------------------------------------------------------------------------------------------------------------------------------------------------------------------------------------+
; Analysis & Synthesis Source Files Read                                                                                                                                                                                       ;
+----------------------------------+-----------------+------------------------------+--------------------------------------------------------------------------------------------------------------------------------+---------+
; File Name with User-Entered Path ; Used in Netlist ; File Type                    ; File Name with Absolute Path                                                                                                   ; Library ;
+----------------------------------+-----------------+------------------------------+--------------------------------------------------------------------------------------------------------------------------------+---------+
; slave_ODD.sv                     ; yes             ; User SystemVerilog HDL File  ; D:/Users/Legion/Quartus and Verilog/Verilog/Third year/6th semester/labs/lab8  - lab_MS_SV5/lab_MS_SV5/slave_ODD.sv            ;         ;
; slave_EVEN.sv                    ; yes             ; User SystemVerilog HDL File  ; D:/Users/Legion/Quartus and Verilog/Verilog/Third year/6th semester/labs/lab8  - lab_MS_SV5/lab_MS_SV5/slave_EVEN.sv           ;         ;
; master.sv                        ; yes             ; User SystemVerilog HDL File  ; D:/Users/Legion/Quartus and Verilog/Verilog/Third year/6th semester/labs/lab8  - lab_MS_SV5/lab_MS_SV5/master.sv               ;         ;
; lab_MS_SV5_interface.sv          ; yes             ; User SystemVerilog HDL File  ; D:/Users/Legion/Quartus and Verilog/Verilog/Third year/6th semester/labs/lab8  - lab_MS_SV5/lab_MS_SV5/lab_MS_SV5_interface.sv ;         ;
; lab_ms_sv5.sv                    ; yes             ; User SystemVerilog HDL File  ; D:/Users/Legion/Quartus and Verilog/Verilog/Third year/6th semester/labs/lab8  - lab_MS_SV5/lab_MS_SV5/lab_ms_sv5.sv           ;         ;
+----------------------------------+-----------------+------------------------------+--------------------------------------------------------------------------------------------------------------------------------+---------+


+---------------------------------------------------------+
; Analysis & Synthesis Resource Usage Summary             ;
+---------------------------------------------+-----------+
; Resource                                    ; Usage     ;
+---------------------------------------------+-----------+
; Estimated Total logic elements              ; 28        ;
;                                             ;           ;
; Total combinational functions               ; 20        ;
; Logic element usage by number of LUT inputs ;           ;
;     -- 4 input functions                    ; 0         ;
;     -- 3 input functions                    ; 9         ;
;     -- <=2 input functions                  ; 11        ;
;                                             ;           ;
; Logic elements by mode                      ;           ;
;     -- normal mode                          ; 13        ;
;     -- arithmetic mode                      ; 7         ;
;                                             ;           ;
; Total registers                             ; 26        ;
;     -- Dedicated logic registers            ; 26        ;
;     -- I/O registers                        ; 0         ;
;                                             ;           ;
; I/O pins                                    ; 18        ;
;                                             ;           ;
; Embedded Multiplier 9-bit elements          ; 0         ;
;                                             ;           ;
; Maximum fan-out node                        ; CLK~input ;
; Maximum fan-out                             ; 26        ;
; Total fan-out                               ; 165       ;
; Average fan-out                             ; 2.01      ;
+---------------------------------------------+-----------+


+--------------------------------------------------------------------------------------------------------------------------------------------------------------------------------------------------------------------------------+
; Analysis & Synthesis Resource Utilization by Entity                                                                                                                                                                            ;
+--------------------------------+---------------------+---------------------------+-------------+--------------+---------+-----------+------+--------------+---------------------------------------+-------------+--------------+
; Compilation Hierarchy Node     ; Combinational ALUTs ; Dedicated Logic Registers ; Memory Bits ; DSP Elements ; DSP 9x9 ; DSP 18x18 ; Pins ; Virtual Pins ; Full Hierarchy Name                   ; Entity Name ; Library Name ;
+--------------------------------+---------------------+---------------------------+-------------+--------------+---------+-----------+------+--------------+---------------------------------------+-------------+--------------+
; |lab_ms_sv5                    ; 20 (0)              ; 26 (0)                    ; 0           ; 0            ; 0       ; 0         ; 18   ; 0            ; |lab_ms_sv5                           ; lab_ms_sv5  ; work         ;
;    |master:UUT_master|         ; 11 (11)             ; 10 (10)                   ; 0           ; 0            ; 0       ; 0         ; 0    ; 0            ; |lab_ms_sv5|master:UUT_master         ; master      ; work         ;
;    |slave_EVEN:UUT_slave_EVEN| ; 8 (8)               ; 8 (8)                     ; 0           ; 0            ; 0       ; 0         ; 0    ; 0            ; |lab_ms_sv5|slave_EVEN:UUT_slave_EVEN ; slave_EVEN  ; work         ;
;    |slave_ODD:UUT_slave_ODD|   ; 1 (1)               ; 8 (8)                     ; 0           ; 0            ; 0       ; 0         ; 0    ; 0            ; |lab_ms_sv5|slave_ODD:UUT_slave_ODD   ; slave_ODD   ; work         ;
+--------------------------------+---------------------+---------------------------+-------------+--------------+---------+-----------+------+--------------+---------------------------------------+-------------+--------------+
Note: For table entries with two numbers listed, the numbers in parentheses indicate the number of resources of the given type used by the specific entity alone. The numbers listed outside of parentheses indicate the total resources of the given type used by the specific entity and all of its sub-entities in the hierarchy.


Encoding Type:  One-Hot
+----------------------------------------------------------+
; State Machine - |lab_ms_sv5|master:UUT_master|fsm_MM     ;
+---------------+---------------+-------------+------------+
; Name          ; fsm_MM.initSM ; fsm_MM.wr1D ; fsm_MM.nop ;
+---------------+---------------+-------------+------------+
; fsm_MM.initSM ; 0             ; 0           ; 0          ;
; fsm_MM.nop    ; 1             ; 0           ; 1          ;
; fsm_MM.wr1D   ; 1             ; 1           ; 0          ;
+---------------+---------------+-------------+------------+


+------------------------------------------------------------+
; Registers Removed During Synthesis                         ;
+---------------------------------------+--------------------+
; Register name                         ; Reason for Removal ;
+---------------------------------------+--------------------+
; master:UUT_master|fsm_MM.initSM       ; Lost fanout        ;
; Total Number of Removed Registers = 1 ;                    ;
+---------------------------------------+--------------------+


+------------------------------------------------------+
; General Register Statistics                          ;
+----------------------------------------------+-------+
; Statistic                                    ; Value ;
+----------------------------------------------+-------+
; Total registers                              ; 26    ;
; Number of registers using Synchronous Clear  ; 8     ;
; Number of registers using Synchronous Load   ; 0     ;
; Number of registers using Asynchronous Clear ; 0     ;
; Number of registers using Asynchronous Load  ; 0     ;
; Number of registers using Clock Enable       ; 24    ;
; Number of registers using Preset             ; 0     ;
+----------------------------------------------+-------+


+---------------------------------------------------------------------------------------------------------------------------------------------------------------+
; Multiplexer Restructuring Statistics (Restructuring Performed)                                                                                                ;
+--------------------+-----------+---------------+----------------------+------------------------+------------+-------------------------------------------------+
; Multiplexer Inputs ; Bus Width ; Baseline Area ; Area if Restructured ; Saving if Restructured ; Registered ; Example Multiplexer Output                      ;
+--------------------+-----------+---------------+----------------------+------------------------+------------+-------------------------------------------------+
; 3:1                ; 8 bits    ; 16 LEs        ; 8 LEs                ; 8 LEs                  ; Yes        ; |lab_ms_sv5|master:UUT_master|cnt[7]            ;
; 3:1                ; 8 bits    ; 16 LEs        ; 8 LEs                ; 8 LEs                  ; Yes        ; |lab_ms_sv5|slave_EVEN:UUT_slave_EVEN|D_even[0] ;
; 3:1                ; 8 bits    ; 16 LEs        ; 8 LEs                ; 8 LEs                  ; Yes        ; |lab_ms_sv5|slave_ODD:UUT_slave_ODD|D_odd[6]    ;
+--------------------+-----------+---------------+----------------------+------------------------+------------+-------------------------------------------------+


+-----------------------------------------------------+
; Post-Synthesis Netlist Statistics for Top Partition ;
+-----------------------+-----------------------------+
; Type                  ; Count                       ;
+-----------------------+-----------------------------+
; boundary_port         ; 18                          ;
; cycloneiii_ff         ; 26                          ;
;     ENA               ; 16                          ;
;     ENA SCLR          ; 8                           ;
;     plain             ; 2                           ;
; cycloneiii_lcell_comb ; 20                          ;
;     arith             ; 7                           ;
;         2 data inputs ; 7                           ;
;     normal            ; 13                          ;
;         1 data inputs ; 1                           ;
;         2 data inputs ; 3                           ;
;         3 data inputs ; 9                           ;
;                       ;                             ;
; Max LUT depth         ; 1.70                        ;
; Average LUT depth     ; 0.88                        ;
+-----------------------+-----------------------------+


+-------------------------------+
; Elapsed Time Per Partition    ;
+----------------+--------------+
; Partition Name ; Elapsed Time ;
+----------------+--------------+
; Top            ; 00:00:00     ;
+----------------+--------------+


+-------------------------------+
; Analysis & Synthesis Messages ;
+-------------------------------+
Info: *******************************************************************
Info: Running Quartus Prime Analysis & Synthesis
    Info: Version 18.1.0 Build 625 09/12/2018 SJ Lite Edition
    Info: Processing started: Tue Mar 19 14:21:59 2024
Info: Command: quartus_map --read_settings_files=on --write_settings_files=off lab_ms_sv5 -c lab_ms_sv5
Info (20030): Parallel compilation is enabled and will use 16 of the 32 processors detected
Info (12021): Found 1 design units, including 1 entities, in source file tb_lab_ms_sv5.sv
    Info (12023): Found entity 1: tb_lab_MS_SV5 File: D:/Users/Legion/Quartus and Verilog/Verilog/Third year/6th semester/labs/lab8  - lab_MS_SV5/lab_MS_SV5/tb_lab_MS_SV5.sv Line: 2
Info (12021): Found 1 design units, including 1 entities, in source file slave_odd.sv
    Info (12023): Found entity 1: slave_ODD File: D:/Users/Legion/Quartus and Verilog/Verilog/Third year/6th semester/labs/lab8  - lab_MS_SV5/lab_MS_SV5/slave_ODD.sv Line: 2
Info (12021): Found 1 design units, including 1 entities, in source file slave_even.sv
    Info (12023): Found entity 1: slave_EVEN File: D:/Users/Legion/Quartus and Verilog/Verilog/Third year/6th semester/labs/lab8  - lab_MS_SV5/lab_MS_SV5/slave_EVEN.sv Line: 2
Info (12021): Found 1 design units, including 1 entities, in source file master.sv
    Info (12023): Found entity 1: master File: D:/Users/Legion/Quartus and Verilog/Verilog/Third year/6th semester/labs/lab8  - lab_MS_SV5/lab_MS_SV5/master.sv Line: 2
Info (12021): Found 1 design units, including 1 entities, in source file lab_ms_sv5_interface.sv
    Info (12023): Found entity 1: bus_MM File: D:/Users/Legion/Quartus and Verilog/Verilog/Third year/6th semester/labs/lab8  - lab_MS_SV5/lab_MS_SV5/lab_MS_SV5_interface.sv Line: 1
Info (12021): Found 1 design units, including 1 entities, in source file lab_ms_sv5.sv
    Info (12023): Found entity 1: lab_ms_sv5 File: D:/Users/Legion/Quartus and Verilog/Verilog/Third year/6th semester/labs/lab8  - lab_MS_SV5/lab_MS_SV5/lab_ms_sv5.sv Line: 2
Info (12021): Found 1 design units, including 1 entities, in source file db_lab_ms_sv5.sv
    Info (12023): Found entity 1: db_lab_MS_SV5 File: D:/Users/Legion/Quartus and Verilog/Verilog/Third year/6th semester/labs/lab8  - lab_MS_SV5/lab_MS_SV5/db_lab_MS_SV5.sv Line: 2
Info (12127): Elaborating entity "lab_ms_sv5" for the top level hierarchy
Info (12128): Elaborating entity "bus_MM" for hierarchy "bus_MM:bus" File: D:/Users/Legion/Quartus and Verilog/Verilog/Third year/6th semester/labs/lab8  - lab_MS_SV5/lab_MS_SV5/lab_ms_sv5.sv Line: 8
Info (12128): Elaborating entity "master" for hierarchy "master:UUT_master" File: D:/Users/Legion/Quartus and Verilog/Verilog/Third year/6th semester/labs/lab8  - lab_MS_SV5/lab_MS_SV5/lab_ms_sv5.sv Line: 9
Info (12128): Elaborating entity "slave_EVEN" for hierarchy "slave_EVEN:UUT_slave_EVEN" File: D:/Users/Legion/Quartus and Verilog/Verilog/Third year/6th semester/labs/lab8  - lab_MS_SV5/lab_MS_SV5/lab_ms_sv5.sv Line: 10
Info (12128): Elaborating entity "slave_ODD" for hierarchy "slave_ODD:UUT_slave_ODD" File: D:/Users/Legion/Quartus and Verilog/Verilog/Third year/6th semester/labs/lab8  - lab_MS_SV5/lab_MS_SV5/lab_ms_sv5.sv Line: 11
Info (286030): Timing-Driven Synthesis is running
Info (17049): 1 registers lost all their fanouts during netlist optimizations.
Info (16010): Generating hard_block partition "hard_block:auto_generated_inst"
    Info (16011): Adding 0 node(s), including 0 DDIO, 0 PLL, 0 transceiver and 0 LCELL
Info (21057): Implemented 54 device resources after synthesis - the final resource count might be different
    Info (21058): Implemented 2 input pins
    Info (21059): Implemented 16 output pins
    Info (21061): Implemented 36 logic cells
Info: Quartus Prime Analysis & Synthesis was successful. 0 errors, 0 warnings
    Info: Peak virtual memory: 4835 megabytes
    Info: Processing ended: Tue Mar 19 14:22:06 2024
    Info: Elapsed time: 00:00:07
    Info: Total CPU time (on all processors): 00:00:06


