Info: Start Nativelink Simulation process
executing command line: ip-make-simscript --nativelink-mode --output-directory=lab_PD2_iputf_input --spd=D:/Users/Legion/Quartus and Verilog/Verilog/Third year/6th semester/labs/lab9 - lab_PD2/lab_PD2/lab_PD2/lab_PD2.spd 
Internal error: Failed to run ip-make-simscript: 2024.03.25.17:23:31 Error: Unrecognized switch <b>1</b>
2024.03.25.17:23:31 Error: Unrecognized switch <b>2</b>
2024.03.25.17:23:31 Error: Unrecognized switch <b>3</b>
2024.03.25.17:23:31 Error: Unrecognized switch <b>4</b>
2024.03.25.17:23:31 Error: Unrecognized switch <b>5</b>
2024.03.25.17:23:31 Error: Unrecognized switch <b>6</b>
Internal error: Failed to run ip-make-simscript: 2024.03.25.17:23:31 Error: Unrecognized switch <b>1</b>
2024.03.25.17:23:31 Error: Unrecognized switch <b>2</b>
2024.03.25.17:23:31 Error: Unrecognized switch <b>3</b>
2024.03.25.17:23:31 Error: Unrecognized switch <b>4</b>
2024.03.25.17:23:31 Error: Unrecognized switch <b>5</b>
2024.03.25.17:23:31 Error: Unrecognized switch <b>6</b>
Error: NativeLink simulation flow was NOT successful



================The following additional information is provided to help identify the cause of error while running nativelink scripts=================
Nativelink TCL script failed with errorCode:  1
Nativelink TCL script failed with errorInfo:  1
    (procedure "iputf_call_script_gen" line 1)
    invoked from within
"iputf_call_script_gen $spd_file_list"
    (procedure "iputf_setup_info" line 45)
    invoked from within
"iputf_setup_info"
    (procedure "run_eda_simulation_tool" line 178)
    invoked from within
"run_eda_simulation_tool eda_opts_hash"
