Flow report for lab_PD4
Wed Apr 03 02:32:07 2024
Quartus Prime Version 20.1.1 Build 720 11/11/2020 SJ Lite Edition


---------------------
; Table of Contents ;
---------------------
  1. Legal Notice
  2. Flow Summary
  3. Flow Settings
  4. Flow Non-Default Global Settings
  5. Flow Elapsed Time
  6. Flow OS Summary
  7. Flow Log
  8. Flow Messages
  9. Flow Suppressed Messages



----------------
; Legal Notice ;
----------------
Copyright (C) 2020  Intel Corporation. All rights reserved.
Your use of Intel Corporation's design tools, logic functions 
and other software and tools, and any partner logic 
functions, and any output files from any of the foregoing 
(including device programming or simulation files), and any 
associated documentation or information are expressly subject 
to the terms and conditions of the Intel Program License 
Subscription Agreement, the Intel Quartus Prime License Agreement,
the Intel FPGA IP License Agreement, or other applicable license
agreement, including, without limitation, that your use is for
the sole purpose of programming logic devices manufactured by
Intel and sold by Intel or its authorized distributors.  Please
refer to the applicable agreement for further details, at
https://fpgasoftware.intel.com/eula.



+----------------------------------------------------------------------------------+
; Flow Summary                                                                     ;
+------------------------------------+---------------------------------------------+
; Flow Status                        ; Successful - Wed Apr 03 02:32:07 2024       ;
; Quartus Prime Version              ; 20.1.1 Build 720 11/11/2020 SJ Lite Edition ;
; Revision Name                      ; lab_PD4                                     ;
; Top-level Entity Name              ; db_lab_PD4_top                              ;
; Family                             ; Cyclone IV E                                ;
; Device                             ; EP4CE6E22C8                                 ;
; Timing Models                      ; Final                                       ;
; Total logic elements               ; 1,927 / 6,272 ( 31 % )                      ;
;     Total combinational functions  ; 906 / 6,272 ( 14 % )                        ;
;     Dedicated logic registers      ; 1,659 / 6,272 ( 26 % )                      ;
; Total registers                    ; 1659                                        ;
; Total pins                         ; 1 / 92 ( 1 % )                              ;
; Total virtual pins                 ; 0                                           ;
; Total memory bits                  ; 6,464 / 276,480 ( 2 % )                     ;
; Embedded Multiplier 9-bit elements ; 0 / 30 ( 0 % )                              ;
; Total PLLs                         ; 0 / 2 ( 0 % )                               ;
+------------------------------------+---------------------------------------------+


+-----------------------------------------+
; Flow Settings                           ;
+-------------------+---------------------+
; Option            ; Setting             ;
+-------------------+---------------------+
; Start date & time ; 04/03/2024 02:31:37 ;
; Main task         ; Compilation         ;
; Revision Name     ; lab_PD4             ;
+-------------------+---------------------+


+--------------------------------------------------------------------------------------------------------------------------------------------------------------------------------------------------------------------------------------------------------------------------------------------------------------------------------------------------------------------------------------------------------------------------------------------------------------------+
; Flow Non-Default Global Settings                                                                                                                                                                                                                                                                                                                                                                                                                                   ;
+--------------------------------------+--------------------------------------------------------------------------------------------------------------------------------------------------------------------------------------------------------------------------------------------------------------------------------------------------------------------------------------------------------+---------------+----------------+-----------------------------------+
; Assignment Name                      ; Value                                                                                                                                                                                                                                                                                                                                                  ; Default Value ; Entity Name    ; Section Id                        ;
+--------------------------------------+--------------------------------------------------------------------------------------------------------------------------------------------------------------------------------------------------------------------------------------------------------------------------------------------------------------------------------------------------------+---------------+----------------+-----------------------------------+
; COMPILER_SIGNATURE_ID                ; 127943352807685.171210069729908                                                                                                                                                                                                                                                                                                                        ; --            ; --             ; --                                ;
; EDA_DESIGN_INSTANCE_NAME             ; NA                                                                                                                                                                                                                                                                                                                                                     ; --            ; --             ; tb_lab_PD4_top                    ;
; EDA_GENERATE_FUNCTIONAL_NETLIST      ; Off                                                                                                                                                                                                                                                                                                                                                    ; --            ; --             ; eda_board_design_timing           ;
; EDA_GENERATE_FUNCTIONAL_NETLIST      ; Off                                                                                                                                                                                                                                                                                                                                                    ; --            ; --             ; eda_board_design_boundary_scan    ;
; EDA_GENERATE_FUNCTIONAL_NETLIST      ; Off                                                                                                                                                                                                                                                                                                                                                    ; --            ; --             ; eda_board_design_signal_integrity ;
; EDA_GENERATE_FUNCTIONAL_NETLIST      ; Off                                                                                                                                                                                                                                                                                                                                                    ; --            ; --             ; eda_board_design_symbol           ;
; EDA_NATIVELINK_SIMULATION_TEST_BENCH ; tb_lab_PD4_top                                                                                                                                                                                                                                                                                                                                         ; --            ; --             ; eda_simulation                    ;
; EDA_OUTPUT_DATA_FORMAT               ; Systemverilog Hdl                                                                                                                                                                                                                                                                                                                                      ; --            ; --             ; eda_simulation                    ;
; EDA_SIMULATION_TOOL                  ; ModelSim-Altera (SystemVerilog)                                                                                                                                                                                                                                                                                                                        ; <None>        ; --             ; --                                ;
; EDA_TEST_BENCH_ENABLE_STATUS         ; TEST_BENCH_MODE                                                                                                                                                                                                                                                                                                                                        ; --            ; --             ; eda_simulation                    ;
; EDA_TEST_BENCH_FILE                  ; tb_lab_PD4_top.sv                                                                                                                                                                                                                                                                                                                                      ; --            ; --             ; tb_lab_PD4_top                    ;
; EDA_TEST_BENCH_MODULE_NAME           ; tb_lab_PD4_top                                                                                                                                                                                                                                                                                                                                         ; --            ; --             ; tb_lab_PD4_top                    ;
; EDA_TEST_BENCH_NAME                  ; tb_lab_PD4_top                                                                                                                                                                                                                                                                                                                                         ; --            ; --             ; eda_simulation                    ;
; EDA_TIME_SCALE                       ; 1 ps                                                                                                                                                                                                                                                                                                                                                   ; --            ; --             ; eda_simulation                    ;
; ENABLE_SIGNALTAP                     ; On                                                                                                                                                                                                                                                                                                                                                     ; --            ; --             ; --                                ;
; MAX_CORE_JUNCTION_TEMP               ; 85                                                                                                                                                                                                                                                                                                                                                     ; --            ; --             ; --                                ;
; MIN_CORE_JUNCTION_TEMP               ; 0                                                                                                                                                                                                                                                                                                                                                      ; --            ; --             ; --                                ;
; MISC_FILE                            ; SP_unit/synthesis/../SP_unit.cmp                                                                                                                                                                                                                                                                                                                       ; --            ; --             ; --                                ;
; MISC_FILE                            ; SP_unit/synthesis/../../SP_unit.qsys                                                                                                                                                                                                                                                                                                                   ; --            ; --             ; --                                ;
; MISC_FILE                            ; lab_PD4/simulation/../../lab_PD4.qsys                                                                                                                                                                                                                                                                                                                  ; --            ; --             ; --                                ;
; MISC_FILE                            ; lab_PD4/simulation/lab_PD4.v                                                                                                                                                                                                                                                                                                                           ; --            ; --             ; --                                ;
; MISC_FILE                            ; lab_PD4/simulation/submodules/lab_PD4_mm_interconnect_0.v                                                                                                                                                                                                                                                                                              ; --            ; --             ; --                                ;
; MISC_FILE                            ; lab_PD4/simulation/submodules/lab_PD4_mm_interconnect_0_avalon_st_adapter.v                                                                                                                                                                                                                                                                            ; --            ; --             ; --                                ;
; MISC_FILE                            ; lab_PD4/simulation/submodules/lab_PD4_mm_interconnect_0_avalon_st_adapter_error_adapter_0.sv                                                                                                                                                                                                                                                           ; --            ; --             ; --                                ;
; MISC_FILE                            ; lab_PD4/simulation/submodules/lab_PD4_mm_interconnect_0_rsp_mux.sv                                                                                                                                                                                                                                                                                     ; --            ; --             ; --                                ;
; MISC_FILE                            ; lab_PD4/simulation/submodules/altera_merlin_arbitrator.sv                                                                                                                                                                                                                                                                                              ; --            ; --             ; --                                ;
; MISC_FILE                            ; lab_PD4/simulation/submodules/lab_PD4_mm_interconnect_0_rsp_demux.sv                                                                                                                                                                                                                                                                                   ; --            ; --             ; --                                ;
; MISC_FILE                            ; lab_PD4/simulation/submodules/lab_PD4_mm_interconnect_0_cmd_mux.sv                                                                                                                                                                                                                                                                                     ; --            ; --             ; --                                ;
; MISC_FILE                            ; lab_PD4/simulation/submodules/lab_PD4_mm_interconnect_0_cmd_demux.sv                                                                                                                                                                                                                                                                                   ; --            ; --             ; --                                ;
; MISC_FILE                            ; lab_PD4/simulation/submodules/lab_PD4_mm_interconnect_0_router_001.sv                                                                                                                                                                                                                                                                                  ; --            ; --             ; --                                ;
; MISC_FILE                            ; lab_PD4/simulation/submodules/lab_PD4_mm_interconnect_0_router.sv                                                                                                                                                                                                                                                                                      ; --            ; --             ; --                                ;
; MISC_FILE                            ; lab_PD4/simulation/submodules/altera_avalon_sc_fifo.v                                                                                                                                                                                                                                                                                                  ; --            ; --             ; --                                ;
; MISC_FILE                            ; lab_PD4/simulation/submodules/altera_merlin_slave_agent.sv                                                                                                                                                                                                                                                                                             ; --            ; --             ; --                                ;
; MISC_FILE                            ; lab_PD4/simulation/submodules/altera_merlin_burst_uncompressor.sv                                                                                                                                                                                                                                                                                      ; --            ; --             ; --                                ;
; MISC_FILE                            ; lab_PD4/simulation/submodules/altera_merlin_master_agent.sv                                                                                                                                                                                                                                                                                            ; --            ; --             ; --                                ;
; MISC_FILE                            ; lab_PD4/simulation/submodules/altera_merlin_slave_translator.sv                                                                                                                                                                                                                                                                                        ; --            ; --             ; --                                ;
; MISC_FILE                            ; lab_PD4/simulation/submodules/altera_merlin_master_translator.sv                                                                                                                                                                                                                                                                                       ; --            ; --             ; --                                ;
; MISC_FILE                            ; lab_PD4/simulation/submodules/my_slave.sv                                                                                                                                                                                                                                                                                                              ; --            ; --             ; --                                ;
; MISC_FILE                            ; lab_PD4/simulation/submodules/my_master.sv                                                                                                                                                                                                                                                                                                             ; --            ; --             ; --                                ;
; MISC_FILE                            ; lab_PD4/simulation/submodules/my_Dslave.sv                                                                                                                                                                                                                                                                                                             ; --            ; --             ; --                                ;
; MISC_FILE                            ; lab_PD4/synthesis/../lab_PD4.cmp                                                                                                                                                                                                                                                                                                                       ; --            ; --             ; --                                ;
; MISC_FILE                            ; lab_PD4/synthesis/../../lab_PD4.qsys                                                                                                                                                                                                                                                                                                                   ; --            ; --             ; --                                ;
; NOMINAL_CORE_SUPPLY_VOLTAGE          ; 1.2V                                                                                                                                                                                                                                                                                                                                                   ; --            ; --             ; --                                ;
; NUM_PARALLEL_PROCESSORS              ; All                                                                                                                                                                                                                                                                                                                                                    ; --            ; --             ; --                                ;
; PARTITION_COLOR                      ; -- (Not supported for targeted family)                                                                                                                                                                                                                                                                                                                 ; --            ; db_lab_PD4_top ; Top                               ;
; PARTITION_FITTER_PRESERVATION_LEVEL  ; -- (Not supported for targeted family)                                                                                                                                                                                                                                                                                                                 ; --            ; db_lab_PD4_top ; Top                               ;
; PARTITION_NETLIST_TYPE               ; -- (Not supported for targeted family)                                                                                                                                                                                                                                                                                                                 ; --            ; db_lab_PD4_top ; Top                               ;
; POWER_BOARD_THERMAL_MODEL            ; None (CONSERVATIVE)                                                                                                                                                                                                                                                                                                                                    ; --            ; --             ; --                                ;
; POWER_PRESET_COOLING_SOLUTION        ; 23 MM HEAT SINK WITH 200 LFPM AIRFLOW                                                                                                                                                                                                                                                                                                                  ; --            ; --             ; --                                ;
; PROJECT_OUTPUT_DIRECTORY             ; output_files                                                                                                                                                                                                                                                                                                                                           ; --            ; --             ; --                                ;
; SLD_FILE                             ; SP_unit/synthesis/SP_unit.debuginfo                                                                                                                                                                                                                                                                                                                    ; --            ; --             ; --                                ;
; SLD_FILE                             ; lab_PD4/synthesis/lab_PD4.debuginfo                                                                                                                                                                                                                                                                                                                    ; --            ; --             ; --                                ;
; SLD_FILE                             ; db/stp1_auto_stripped.stp                                                                                                                                                                                                                                                                                                                              ; --            ; --             ; --                                ;
; SLD_INFO                             ; QSYS_NAME SP_unit HAS_SOPCINFO 1 GENERATION_ID 1712099587                                                                                                                                                                                                                                                                                              ; --            ; SP_unit        ; --                                ;
; SLD_INFO                             ; QSYS_NAME lab_PD4 HAS_SOPCINFO 1 GENERATION_ID 1712087358                                                                                                                                                                                                                                                                                              ; --            ; --             ; --                                ;
; SLD_NODE_CREATOR_ID                  ; 110                                                                                                                                                                                                                                                                                                                                                    ; --            ; --             ; auto_signaltap_0                  ;
; SLD_NODE_ENTITY_NAME                 ; sld_signaltap                                                                                                                                                                                                                                                                                                                                          ; --            ; --             ; auto_signaltap_0                  ;
; SLD_NODE_PARAMETER_ASSIGNMENT        ; SLD_RAM_BLOCK_TYPE=AUTO                                                                                                                                                                                                                                                                                                                                ; --            ; --             ; auto_signaltap_0                  ;
; SLD_NODE_PARAMETER_ASSIGNMENT        ; SLD_DATA_BITS=101                                                                                                                                                                                                                                                                                                                                      ; --            ; --             ; auto_signaltap_0                  ;
; SLD_NODE_PARAMETER_ASSIGNMENT        ; SLD_TRIGGER_BITS=101                                                                                                                                                                                                                                                                                                                                   ; --            ; --             ; auto_signaltap_0                  ;
; SLD_NODE_PARAMETER_ASSIGNMENT        ; SLD_STORAGE_QUALIFIER_BITS=101                                                                                                                                                                                                                                                                                                                         ; --            ; --             ; auto_signaltap_0                  ;
; SLD_NODE_PARAMETER_ASSIGNMENT        ; SLD_NODE_INFO=805334528                                                                                                                                                                                                                                                                                                                                ; --            ; --             ; auto_signaltap_0                  ;
; SLD_NODE_PARAMETER_ASSIGNMENT        ; SLD_POWER_UP_TRIGGER=0                                                                                                                                                                                                                                                                                                                                 ; --            ; --             ; auto_signaltap_0                  ;
; SLD_NODE_PARAMETER_ASSIGNMENT        ; SLD_INVERSION_MASK=00000000000000000000000000000000000000000000000000000000000000000000000000000000000000000000000000000000000000000000000000000000000000000000000000000000000000000000000000000000000000000000000000000000000000000000000000000000000000000000000000000000000000000000000000000000000000000000000000000000000000000000000000000000000 ; --            ; --             ; auto_signaltap_0                  ;
; SLD_NODE_PARAMETER_ASSIGNMENT        ; SLD_INVERSION_MASK_LENGTH=323                                                                                                                                                                                                                                                                                                                          ; --            ; --             ; auto_signaltap_0                  ;
; SLD_NODE_PARAMETER_ASSIGNMENT        ; SLD_STORAGE_QUALIFIER_INVERSION_MASK_LENGTH=0                                                                                                                                                                                                                                                                                                          ; --            ; --             ; auto_signaltap_0                  ;
; SLD_NODE_PARAMETER_ASSIGNMENT        ; SLD_SEGMENT_SIZE=64                                                                                                                                                                                                                                                                                                                                    ; --            ; --             ; auto_signaltap_0                  ;
; SLD_NODE_PARAMETER_ASSIGNMENT        ; SLD_ATTRIBUTE_MEM_MODE=OFF                                                                                                                                                                                                                                                                                                                             ; --            ; --             ; auto_signaltap_0                  ;
; SLD_NODE_PARAMETER_ASSIGNMENT        ; SLD_STATE_FLOW_USE_GENERATED=0                                                                                                                                                                                                                                                                                                                         ; --            ; --             ; auto_signaltap_0                  ;
; SLD_NODE_PARAMETER_ASSIGNMENT        ; SLD_STATE_BITS=11                                                                                                                                                                                                                                                                                                                                      ; --            ; --             ; auto_signaltap_0                  ;
; SLD_NODE_PARAMETER_ASSIGNMENT        ; SLD_BUFFER_FULL_STOP=1                                                                                                                                                                                                                                                                                                                                 ; --            ; --             ; auto_signaltap_0                  ;
; SLD_NODE_PARAMETER_ASSIGNMENT        ; SLD_CURRENT_RESOURCE_WIDTH=1                                                                                                                                                                                                                                                                                                                           ; --            ; --             ; auto_signaltap_0                  ;
; SLD_NODE_PARAMETER_ASSIGNMENT        ; SLD_INCREMENTAL_ROUTING=1                                                                                                                                                                                                                                                                                                                              ; --            ; --             ; auto_signaltap_0                  ;
; SLD_NODE_PARAMETER_ASSIGNMENT        ; SLD_TRIGGER_LEVEL=1                                                                                                                                                                                                                                                                                                                                    ; --            ; --             ; auto_signaltap_0                  ;
; SLD_NODE_PARAMETER_ASSIGNMENT        ; SLD_SAMPLE_DEPTH=64                                                                                                                                                                                                                                                                                                                                    ; --            ; --             ; auto_signaltap_0                  ;
; SLD_NODE_PARAMETER_ASSIGNMENT        ; SLD_TRIGGER_IN_ENABLED=0                                                                                                                                                                                                                                                                                                                               ; --            ; --             ; auto_signaltap_0                  ;
; SLD_NODE_PARAMETER_ASSIGNMENT        ; SLD_TRIGGER_PIPELINE=0                                                                                                                                                                                                                                                                                                                                 ; --            ; --             ; auto_signaltap_0                  ;
; SLD_NODE_PARAMETER_ASSIGNMENT        ; SLD_RAM_PIPELINE=0                                                                                                                                                                                                                                                                                                                                     ; --            ; --             ; auto_signaltap_0                  ;
; SLD_NODE_PARAMETER_ASSIGNMENT        ; SLD_COUNTER_PIPELINE=0                                                                                                                                                                                                                                                                                                                                 ; --            ; --             ; auto_signaltap_0                  ;
; SLD_NODE_PARAMETER_ASSIGNMENT        ; SLD_ADVANCED_TRIGGER_ENTITY=basic,1,                                                                                                                                                                                                                                                                                                                   ; --            ; --             ; auto_signaltap_0                  ;
; SLD_NODE_PARAMETER_ASSIGNMENT        ; SLD_TRIGGER_LEVEL_PIPELINE=1                                                                                                                                                                                                                                                                                                                           ; --            ; --             ; auto_signaltap_0                  ;
; SLD_NODE_PARAMETER_ASSIGNMENT        ; SLD_ENABLE_ADVANCED_TRIGGER=0                                                                                                                                                                                                                                                                                                                          ; --            ; --             ; auto_signaltap_0                  ;
; SOPCINFO_FILE                        ; SP_unit/synthesis/../../SP_unit.sopcinfo                                                                                                                                                                                                                                                                                                               ; --            ; --             ; --                                ;
; SOPCINFO_FILE                        ; lab_PD4/synthesis/../../lab_PD4.sopcinfo                                                                                                                                                                                                                                                                                                               ; --            ; --             ; --                                ;
; SPD_FILE                             ; lab_PD4/simulation/../lab_PD4.spd                                                                                                                                                                                                                                                                                                                      ; --            ; --             ; --                                ;
; SYNTHESIS_ONLY_QIP                   ; On                                                                                                                                                                                                                                                                                                                                                     ; --            ; --             ; --                                ;
; SYNTHESIS_ONLY_QIP                   ; On                                                                                                                                                                                                                                                                                                                                                     ; --            ; --             ; --                                ;
; TOP_LEVEL_ENTITY                     ; db_lab_PD4_top                                                                                                                                                                                                                                                                                                                                         ; lab_PD4       ; --             ; --                                ;
; USE_SIGNALTAP_FILE                   ; stp1.stp                                                                                                                                                                                                                                                                                                                                               ; --            ; --             ; --                                ;
+--------------------------------------+--------------------------------------------------------------------------------------------------------------------------------------------------------------------------------------------------------------------------------------------------------------------------------------------------------------------------------------------------------+---------------+----------------+-----------------------------------+


+--------------------------------------------------------------------------------------------------------------------------+
; Flow Elapsed Time                                                                                                        ;
+----------------------+--------------+-------------------------+---------------------+------------------------------------+
; Module Name          ; Elapsed Time ; Average Processors Used ; Peak Virtual Memory ; Total CPU Time (on all processors) ;
+----------------------+--------------+-------------------------+---------------------+------------------------------------+
; Analysis & Synthesis ; 00:00:18     ; 1.0                     ; 4917 MB             ; 00:00:19                           ;
; Fitter               ; 00:00:04     ; 1.4                     ; 6509 MB             ; 00:00:03                           ;
; Assembler            ; 00:00:01     ; 1.0                     ; 4691 MB             ; 00:00:01                           ;
; Timing Analyzer      ; 00:00:01     ; 1.5                     ; 4927 MB             ; 00:00:01                           ;
; EDA Netlist Writer   ; 00:00:01     ; 1.0                     ; 4656 MB             ; 00:00:01                           ;
; Total                ; 00:00:25     ; --                      ; --                  ; 00:00:25                           ;
+----------------------+--------------+-------------------------+---------------------+------------------------------------+


+------------------------------------------------------------------------------------+
; Flow OS Summary                                                                    ;
+----------------------+------------------+------------+------------+----------------+
; Module Name          ; Machine Hostname ; OS Name    ; OS Version ; Processor type ;
+----------------------+------------------+------------+------------+----------------+
; Analysis & Synthesis ; MatNepo          ; Windows 10 ; 10.0       ; x86_64         ;
; Fitter               ; MatNepo          ; Windows 10 ; 10.0       ; x86_64         ;
; Assembler            ; MatNepo          ; Windows 10 ; 10.0       ; x86_64         ;
; Timing Analyzer      ; MatNepo          ; Windows 10 ; 10.0       ; x86_64         ;
; EDA Netlist Writer   ; MatNepo          ; Windows 10 ; 10.0       ; x86_64         ;
+----------------------+------------------+------------+------------+----------------+


------------
; Flow Log ;
------------
quartus_map --read_settings_files=on --write_settings_files=off lab_PD4 -c lab_PD4
quartus_fit --read_settings_files=off --write_settings_files=off lab_PD4 -c lab_PD4
quartus_asm --read_settings_files=off --write_settings_files=off lab_PD4 -c lab_PD4
quartus_sta lab_PD4 -c lab_PD4
quartus_eda --read_settings_files=off --write_settings_files=off lab_PD4 -c lab_PD4



