Flow report for lab_MS_SV_2
Wed Feb 28 17:23:04 2024
Quartus Prime Version 18.1.0 Build 625 09/12/2018 SJ Lite Edition


---------------------
; Table of Contents ;
---------------------
  1. Legal Notice
  2. Flow Summary
  3. Flow Settings
  4. Flow Non-Default Global Settings
  5. Flow Elapsed Time
  6. Flow OS Summary
  7. Flow Log
  8. Flow Messages
  9. Flow Suppressed Messages



----------------
; Legal Notice ;
----------------
Copyright (C) 2018  Intel Corporation. All rights reserved.
Your use of Intel Corporation's design tools, logic functions 
and other software and tools, and its AMPP partner logic 
functions, and any output files from any of the foregoing 
(including device programming or simulation files), and any 
associated documentation or information are expressly subject 
to the terms and conditions of the Intel Program License 
Subscription Agreement, the Intel Quartus Prime License Agreement,
the Intel FPGA IP License Agreement, or other applicable license
agreement, including, without limitation, that your use is for
the sole purpose of programming logic devices manufactured by
Intel and sold by Intel or its authorized distributors.  Please
refer to the applicable agreement for further details.



+----------------------------------------------------------------------------------+
; Flow Summary                                                                     ;
+------------------------------------+---------------------------------------------+
; Flow Status                        ; Successful - Wed Feb 28 17:23:04 2024       ;
; Quartus Prime Version              ; 18.1.0 Build 625 09/12/2018 SJ Lite Edition ;
; Revision Name                      ; lab_MS_SV_2                                 ;
; Top-level Entity Name              ; impl_lab_MS_SV2                             ;
; Family                             ; Cyclone IV E                                ;
; Device                             ; EP4CE6E22C8                                 ;
; Timing Models                      ; Final                                       ;
; Total logic elements               ; 790 / 6,272 ( 13 % )                        ;
;     Total combinational functions  ; 548 / 6,272 ( 9 % )                         ;
;     Dedicated logic registers      ; 592 / 6,272 ( 9 % )                         ;
; Total registers                    ; 592                                         ;
; Total pins                         ; 13 / 92 ( 14 % )                            ;
; Total virtual pins                 ; 0                                           ;
; Total memory bits                  ; 1,792 / 276,480 ( < 1 % )                   ;
; Embedded Multiplier 9-bit elements ; 0 / 30 ( 0 % )                              ;
; Total PLLs                         ; 0 / 2 ( 0 % )                               ;
+------------------------------------+---------------------------------------------+


+-----------------------------------------+
; Flow Settings                           ;
+-------------------+---------------------+
; Option            ; Setting             ;
+-------------------+---------------------+
; Start date & time ; 02/28/2024 17:22:20 ;
; Main task         ; Compilation         ;
; Revision Name     ; lab_MS_SV_2         ;
+-------------------+---------------------+


+--------------------------------------------------------------------------------------------------------------------------------------------------------------------------------+
; Flow Non-Default Global Settings                                                                                                                                               ;
+--------------------------------------+------------------------------------------------------------------------------------+---------------+-----------------+------------------+
; Assignment Name                      ; Value                                                                              ; Default Value ; Entity Name     ; Section Id       ;
+--------------------------------------+------------------------------------------------------------------------------------+---------------+-----------------+------------------+
; COMPILER_SIGNATURE_ID                ; 127943352807685.170913014041244                                                    ; --            ; --              ; --               ;
; EDA_DESIGN_INSTANCE_NAME             ; NA                                                                                 ; --            ; --              ; tb_lab_MS_SV2    ;
; EDA_NATIVELINK_SIMULATION_TEST_BENCH ; tb_lab_MS_SV2                                                                      ; --            ; --              ; eda_simulation   ;
; EDA_OUTPUT_DATA_FORMAT               ; Systemverilog Hdl                                                                  ; --            ; --              ; eda_simulation   ;
; EDA_SIMULATION_TOOL                  ; ModelSim-Altera (SystemVerilog)                                                    ; <None>        ; --              ; --               ;
; EDA_TEST_BENCH_ENABLE_STATUS         ; TEST_BENCH_MODE                                                                    ; --            ; --              ; eda_simulation   ;
; EDA_TEST_BENCH_FILE                  ; tb_lab_MS_SV2.sv                                                                   ; --            ; --              ; tb_lab_MS_SV2    ;
; EDA_TEST_BENCH_MODULE_NAME           ; tb_lab_MS_SV2                                                                      ; --            ; --              ; tb_lab_MS_SV2    ;
; EDA_TEST_BENCH_NAME                  ; tb_lab_MS_SV2                                                                      ; --            ; --              ; eda_simulation   ;
; EDA_TIME_SCALE                       ; 1 ps                                                                               ; --            ; --              ; eda_simulation   ;
; ENABLE_LOGIC_ANALYZER_INTERFACE      ; Off                                                                                ; --            ; --              ; --               ;
; ENABLE_SIGNALTAP                     ; On                                                                                 ; --            ; --              ; --               ;
; MAX_CORE_JUNCTION_TEMP               ; 85                                                                                 ; --            ; --              ; --               ;
; MIN_CORE_JUNCTION_TEMP               ; 0                                                                                  ; --            ; --              ; --               ;
; MISC_FILE                            ; SP_unit/synthesis/../SP_unit.cmp                                                   ; --            ; --              ; --               ;
; MISC_FILE                            ; SP_unit/synthesis/../../SP_unit.qsys                                               ; --            ; --              ; --               ;
; NOMINAL_CORE_SUPPLY_VOLTAGE          ; 1.2V                                                                               ; --            ; --              ; --               ;
; PARTITION_COLOR                      ; -- (Not supported for targeted family)                                             ; --            ; impl_lab_MS_SV2 ; Top              ;
; PARTITION_FITTER_PRESERVATION_LEVEL  ; -- (Not supported for targeted family)                                             ; --            ; impl_lab_MS_SV2 ; Top              ;
; PARTITION_NETLIST_TYPE               ; -- (Not supported for targeted family)                                             ; --            ; impl_lab_MS_SV2 ; Top              ;
; POWER_BOARD_THERMAL_MODEL            ; None (CONSERVATIVE)                                                                ; --            ; --              ; --               ;
; POWER_PRESET_COOLING_SOLUTION        ; 23 MM HEAT SINK WITH 200 LFPM AIRFLOW                                              ; --            ; --              ; --               ;
; PROJECT_OUTPUT_DIRECTORY             ; output_files                                                                       ; --            ; --              ; --               ;
; SLD_FILE                             ; SP_unit/synthesis/SP_unit.debuginfo                                                ; --            ; --              ; --               ;
; SLD_FILE                             ; db/stp2_auto_stripped.stp                                                          ; --            ; --              ; --               ;
; SLD_INFO                             ; QSYS_NAME SP_unit HAS_SOPCINFO 1 GENERATION_ID 1709057234                          ; --            ; SP_unit         ; --               ;
; SLD_NODE_CREATOR_ID                  ; 110                                                                                ; --            ; --              ; auto_signaltap_0 ;
; SLD_NODE_ENTITY_NAME                 ; sld_signaltap                                                                      ; --            ; --              ; auto_signaltap_0 ;
; SLD_NODE_PARAMETER_ASSIGNMENT        ; SLD_RAM_BLOCK_TYPE=AUTO                                                            ; --            ; --              ; auto_signaltap_0 ;
; SLD_NODE_PARAMETER_ASSIGNMENT        ; SLD_DATA_BITS=14                                                                   ; --            ; --              ; auto_signaltap_0 ;
; SLD_NODE_PARAMETER_ASSIGNMENT        ; SLD_TRIGGER_BITS=14                                                                ; --            ; --              ; auto_signaltap_0 ;
; SLD_NODE_PARAMETER_ASSIGNMENT        ; SLD_STORAGE_QUALIFIER_BITS=14                                                      ; --            ; --              ; auto_signaltap_0 ;
; SLD_NODE_PARAMETER_ASSIGNMENT        ; SLD_NODE_INFO=805334528                                                            ; --            ; --              ; auto_signaltap_0 ;
; SLD_NODE_PARAMETER_ASSIGNMENT        ; SLD_POWER_UP_TRIGGER=0                                                             ; --            ; --              ; auto_signaltap_0 ;
; SLD_NODE_PARAMETER_ASSIGNMENT        ; SLD_INVERSION_MASK=000000000000000000000000000000000000000000000000000000000000000 ; --            ; --              ; auto_signaltap_0 ;
; SLD_NODE_PARAMETER_ASSIGNMENT        ; SLD_INVERSION_MASK_LENGTH=63                                                       ; --            ; --              ; auto_signaltap_0 ;
; SLD_NODE_PARAMETER_ASSIGNMENT        ; SLD_STORAGE_QUALIFIER_INVERSION_MASK_LENGTH=0                                      ; --            ; --              ; auto_signaltap_0 ;
; SLD_NODE_PARAMETER_ASSIGNMENT        ; SLD_SEGMENT_SIZE=128                                                               ; --            ; --              ; auto_signaltap_0 ;
; SLD_NODE_PARAMETER_ASSIGNMENT        ; SLD_ATTRIBUTE_MEM_MODE=OFF                                                         ; --            ; --              ; auto_signaltap_0 ;
; SLD_NODE_PARAMETER_ASSIGNMENT        ; SLD_STATE_FLOW_USE_GENERATED=0                                                     ; --            ; --              ; auto_signaltap_0 ;
; SLD_NODE_PARAMETER_ASSIGNMENT        ; SLD_STATE_BITS=11                                                                  ; --            ; --              ; auto_signaltap_0 ;
; SLD_NODE_PARAMETER_ASSIGNMENT        ; SLD_BUFFER_FULL_STOP=1                                                             ; --            ; --              ; auto_signaltap_0 ;
; SLD_NODE_PARAMETER_ASSIGNMENT        ; SLD_CURRENT_RESOURCE_WIDTH=1                                                       ; --            ; --              ; auto_signaltap_0 ;
; SLD_NODE_PARAMETER_ASSIGNMENT        ; SLD_INCREMENTAL_ROUTING=1                                                          ; --            ; --              ; auto_signaltap_0 ;
; SLD_NODE_PARAMETER_ASSIGNMENT        ; SLD_TRIGGER_LEVEL=1                                                                ; --            ; --              ; auto_signaltap_0 ;
; SLD_NODE_PARAMETER_ASSIGNMENT        ; SLD_SAMPLE_DEPTH=128                                                               ; --            ; --              ; auto_signaltap_0 ;
; SLD_NODE_PARAMETER_ASSIGNMENT        ; SLD_TRIGGER_IN_ENABLED=0                                                           ; --            ; --              ; auto_signaltap_0 ;
; SLD_NODE_PARAMETER_ASSIGNMENT        ; SLD_TRIGGER_PIPELINE=0                                                             ; --            ; --              ; auto_signaltap_0 ;
; SLD_NODE_PARAMETER_ASSIGNMENT        ; SLD_RAM_PIPELINE=0                                                                 ; --            ; --              ; auto_signaltap_0 ;
; SLD_NODE_PARAMETER_ASSIGNMENT        ; SLD_COUNTER_PIPELINE=0                                                             ; --            ; --              ; auto_signaltap_0 ;
; SLD_NODE_PARAMETER_ASSIGNMENT        ; SLD_ADVANCED_TRIGGER_ENTITY=basic,1,                                               ; --            ; --              ; auto_signaltap_0 ;
; SLD_NODE_PARAMETER_ASSIGNMENT        ; SLD_TRIGGER_LEVEL_PIPELINE=1                                                       ; --            ; --              ; auto_signaltap_0 ;
; SLD_NODE_PARAMETER_ASSIGNMENT        ; SLD_ENABLE_ADVANCED_TRIGGER=0                                                      ; --            ; --              ; auto_signaltap_0 ;
; SOPCINFO_FILE                        ; SP_unit/synthesis/../../SP_unit.sopcinfo                                           ; --            ; --              ; --               ;
; SYNTHESIS_ONLY_QIP                   ; On                                                                                 ; --            ; --              ; --               ;
; TOP_LEVEL_ENTITY                     ; impl_lab_MS_SV2                                                                    ; lab_MS_SV_2   ; --              ; --               ;
; USE_SIGNALTAP_FILE                   ; stp2.stp                                                                           ; --            ; --              ; --               ;
+--------------------------------------+------------------------------------------------------------------------------------+---------------+-----------------+------------------+


+--------------------------------------------------------------------------------------------------------------------------+
; Flow Elapsed Time                                                                                                        ;
+----------------------+--------------+-------------------------+---------------------+------------------------------------+
; Module Name          ; Elapsed Time ; Average Processors Used ; Peak Virtual Memory ; Total CPU Time (on all processors) ;
+----------------------+--------------+-------------------------+---------------------+------------------------------------+
; Analysis & Synthesis ; 00:00:27     ; 1.0                     ; 4887 MB             ; 00:00:15                           ;
; Fitter               ; 00:00:05     ; 1.2                     ; 6487 MB             ; 00:00:03                           ;
; Assembler            ; 00:00:01     ; 1.0                     ; 4675 MB             ; 00:00:00                           ;
; Timing Analyzer      ; 00:00:02     ; 1.3                     ; 4909 MB             ; 00:00:01                           ;
; EDA Netlist Writer   ; 00:00:03     ; 1.0                     ; 4653 MB             ; 00:00:01                           ;
; Total                ; 00:00:38     ; --                      ; --                  ; 00:00:20                           ;
+----------------------+--------------+-------------------------+---------------------+------------------------------------+


+------------------------------------------------------------------------------------+
; Flow OS Summary                                                                    ;
+----------------------+------------------+------------+------------+----------------+
; Module Name          ; Machine Hostname ; OS Name    ; OS Version ; Processor type ;
+----------------------+------------------+------------+------------+----------------+
; Analysis & Synthesis ; MatNepo          ; Windows 10 ; 10.0       ; x86_64         ;
; Fitter               ; MatNepo          ; Windows 10 ; 10.0       ; x86_64         ;
; Assembler            ; MatNepo          ; Windows 10 ; 10.0       ; x86_64         ;
; Timing Analyzer      ; MatNepo          ; Windows 10 ; 10.0       ; x86_64         ;
; EDA Netlist Writer   ; MatNepo          ; Windows 10 ; 10.0       ; x86_64         ;
+----------------------+------------------+------------+------------+----------------+


------------
; Flow Log ;
------------
quartus_map --read_settings_files=on --write_settings_files=off lab_MS_SV_2 -c lab_MS_SV_2
quartus_fit --read_settings_files=off --write_settings_files=off lab_MS_SV_2 -c lab_MS_SV_2
quartus_asm --read_settings_files=off --write_settings_files=off lab_MS_SV_2 -c lab_MS_SV_2
quartus_sta lab_MS_SV_2 -c lab_MS_SV_2
quartus_eda --read_settings_files=off --write_settings_files=off lab_MS_SV_2 -c lab_MS_SV_2



