         ps       /counter/count          
          delta       /counter/clk        
                      /counter/reset      
          0  +0                x z 1 
          3  +0                0 z 1 
         50  +0                0 1 1 
        100  +0                0 0 1 
        100  +1                0 0 0 
        150  +0                0 1 0 
        152  +0                1 1 0 
        200  +0                1 0 0 
        250  +0                1 1 0 
        252  +0                2 1 0 
        300  +0                2 0 0 
        350  +0                2 1 0 
        352  +0                3 1 0 
        400  +0                3 0 0 
        450  +0                3 1 0 
        452  +0                4 1 0 
        500  +0                4 0 0 
        550  +0                4 1 0 
        552  +0                5 1 0 
        600  +0                5 0 0 
        650  +0                5 1 0 
        652  +0                6 1 0 
        700  +0                6 0 0 
        750  +0                6 1 0 
        752  +0                7 1 0 
        800  +0                7 0 0 
        850  +0                7 1 0 
        852  +0                8 1 0 
        900  +0                8 0 0 
        950  +0                8 1 0 
        952  +0                9 1 0 
       1000  +0                9 0 0 
       1050  +0                9 1 0 
       1052  +0               10 1 0 
       1100  +0               10 0 0 
       1150  +0               10 1 0 
       1152  +0               11 1 0 
       1200  +0               11 0 0 
       1250  +0               11 1 0 
       1252  +0               12 1 0 
       1300  +0               12 0 0 
       1350  +0               12 1 0 
       1352  +0               13 1 0 
       1400  +0               13 0 0 
       1450  +0               13 1 0 
       1452  +0               14 1 0 
       1500  +0               14 0 0 
       1550  +0               14 1 0 
       1552  +0               15 1 0 
       1600  +0               15 0 0 
       1650  +0               15 1 0 
       1652  +0               16 1 0 
       1700  +0               16 0 0 
       1750  +0               16 1 0 
       1752  +0               17 1 0 
       1800  +0               17 0 0 
       1850  +0               17 1 0 
       1852  +0               18 1 0 
       1900  +0               18 0 0 
       1950  +0               18 1 0 
       1952  +0               19 1 0 
       2000  +0               19 0 0 
       2050  +0               19 1 0 
       2052  +0               20 1 0 
       2100  +0               20 0 0 
       2150  +0               20 1 0 
       2152  +0               21 1 0 
       2200  +0               21 0 0 
       2250  +0               21 1 0 
       2252  +0               22 1 0 
       2300  +0               22 0 0 
       2350  +0               22 1 0 
       2352  +0               23 1 0 
       2400  +0               23 0 0 
       2450  +0               23 1 0 
       2452  +0               24 1 0 
       2500  +0               24 0 0 
       2550  +0               24 1 0 
       2552  +0               25 1 0 
       2600  +0               25 0 0 
       2650  +0               25 1 0 
       2652  +0               26 1 0 
       2700  +0               26 0 0 
       2750  +0               26 1 0 
       2752  +0               27 1 0 
       2800  +0               27 0 0 
       2850  +0               27 1 0 
       2852  +0               28 1 0 
       2900  +0               28 0 0 
       2950  +0               28 1 0 
       2952  +0               29 1 0 
       3000  +0               29 0 0 
       3050  +0               29 1 0 
       3052  +0               30 1 0 
       3100  +0               30 0 0 
       3150  +0               30 1 0 
       3152  +0               31 1 0 
       3200  +0               31 0 0 
       3250  +0               31 1 0 
       3252  +0               32 1 0 
       3300  +0               32 0 0 
       3350  +0               32 1 0 
       3352  +0               33 1 0 
       3400  +0               33 0 0 
       3450  +0               33 1 0 
       3452  +0               34 1 0 
       3500  +0               34 0 0 
       3550  +0               34 1 0 
       3552  +0               35 1 0 
       3600  +0               35 0 0 
       3650  +0               35 1 0 
       3652  +0               36 1 0 
       3700  +0               36 0 0 
       3750  +0               36 1 0 
       3752  +0               37 1 0 
       3800  +0               37 0 0 
       3850  +0               37 1 0 
       3852  +0               38 1 0 
       3900  +0               38 0 0 
       3950  +0               38 1 0 
       3952  +0               39 1 0 
       4000  +0               39 0 0 
       4050  +0               39 1 0 
       4052  +0               40 1 0 
       4100  +0               40 0 0 
       4150  +0               40 1 0 
       4152  +0               41 1 0 
       4200  +0               41 0 0 
       4250  +0               41 1 0 
       4252  +0               42 1 0 
       4300  +0               42 0 0 
       4350  +0               42 1 0 
       4352  +0               43 1 0 
       4400  +0               43 0 0 
       4450  +0               43 1 0 
       4452  +0               44 1 0 
       4500  +0               44 0 0 
       4550  +0               44 1 0 
       4552  +0               45 1 0 
       4600  +0               45 0 0 
       4650  +0               45 1 0 
       4652  +0               46 1 0 
       4700  +0               46 0 0 
       4750  +0               46 1 0 
       4752  +0               47 1 0 
       4800  +0               47 0 0 
       4850  +0               47 1 0 
       4852  +0               48 1 0 
       4900  +0               48 0 0 
       4950  +0               48 1 0 
       4952  +0               49 1 0 
       5000  +0               49 0 0 
       5050  +0               49 1 0 
       5052  +0               50 1 0 
       5100  +0               50 0 0 
       5150  +0               50 1 0 
       5152  +0               51 1 0 
       5200  +0               51 0 0 
       5250  +0               51 1 0 
       5252  +0               52 1 0 
       5300  +0               52 0 0 
       5350  +0               52 1 0 
       5352  +0               53 1 0 
       5400  +0               53 0 0 
       5450  +0               53 1 0 
       5452  +0               54 1 0 
       5500  +0               54 0 0 
       5550  +0               54 1 0 
       5552  +0               55 1 0 
       5600  +0               55 0 0 
       5650  +0               55 1 0 
       5652  +0               56 1 0 
       5700  +0               56 0 0 
       5750  +0               56 1 0 
       5752  +0               57 1 0 
       5800  +0               57 0 0 
       5850  +0               57 1 0 
       5852  +0               58 1 0 
       5900  +0               58 0 0 
       5950  +0               58 1 0 
       5952  +0               59 1 0 
       6000  +0               59 0 0 
       6050  +0               59 1 0 
       6052  +0               60 1 0 
       6100  +0               60 0 0 
       6150  +0               60 1 0 
       6152  +0               61 1 0 
       6200  +0               61 0 0 
       6250  +0               61 1 0 
       6252  +0               62 1 0 
       6300  +0               62 0 0 
       6350  +0               62 1 0 
       6352  +0               63 1 0 
       6400  +0               63 0 0 
       6450  +0               63 1 0 
       6452  +0               64 1 0 
       6500  +0               64 0 0 
       6550  +0               64 1 0 
       6552  +0               65 1 0 
       6600  +0               65 0 0 
       6650  +0               65 1 0 
       6652  +0               66 1 0 
       6700  +0               66 0 0 
       6750  +0               66 1 0 
       6752  +0               67 1 0 
       6800  +0               67 0 0 
       6850  +0               67 1 0 
       6852  +0               68 1 0 
       6900  +0               68 0 0 
       6950  +0               68 1 0 
       6952  +0               69 1 0 
       7000  +0               69 0 0 
       7050  +0               69 1 0 
       7052  +0               70 1 0 
       7100  +0               70 0 0 
       7150  +0               70 1 0 
       7152  +0               71 1 0 
       7200  +0               71 0 0 
       7250  +0               71 1 0 
       7252  +0               72 1 0 
       7300  +0               72 0 0 
       7350  +0               72 1 0 
       7352  +0               73 1 0 
       7400  +0               73 0 0 
       7450  +0               73 1 0 
       7452  +0               74 1 0 
       7500  +0               74 0 0 
       7550  +0               74 1 0 
       7552  +0               75 1 0 
       7600  +0               75 0 0 
       7650  +0               75 1 0 
       7652  +0               76 1 0 
       7700  +0               76 0 0 
       7750  +0               76 1 0 
       7752  +0               77 1 0 
       7800  +0               77 0 0 
       7850  +0               77 1 0 
       7852  +0               78 1 0 
       7900  +0               78 0 0 
       7950  +0               78 1 0 
       7952  +0               79 1 0 
       8000  +0               79 0 0 
       8050  +0               79 1 0 
       8052  +0               80 1 0 
       8100  +0               80 0 0 
       8150  +0               80 1 0 
       8152  +0               81 1 0 
       8200  +0               81 0 0 
       8250  +0               81 1 0 
       8252  +0               82 1 0 
       8300  +0               82 0 0 
       8350  +0               82 1 0 
       8352  +0               83 1 0 
       8400  +0               83 0 0 
       8450  +0               83 1 0 
       8452  +0               84 1 0 
       8500  +0               84 0 0 
       8550  +0               84 1 0 
       8552  +0               85 1 0 
       8600  +0               85 0 0 
       8650  +0               85 1 0 
       8652  +0               86 1 0 
       8700  +0               86 0 0 
       8750  +0               86 1 0 
       8752  +0               87 1 0 
       8800  +0               87 0 0 
       8850  +0               87 1 0 
       8852  +0               88 1 0 
       8900  +0               88 0 0 
       8950  +0               88 1 0 
       8952  +0               89 1 0 
       9000  +0               89 0 0 
       9050  +0               89 1 0 
       9052  +0               90 1 0 
       9100  +0               90 0 0 
       9150  +0               90 1 0 
       9152  +0               91 1 0 
       9200  +0               91 0 0 
       9250  +0               91 1 0 
       9252  +0               92 1 0 
       9300  +0               92 0 0 
       9350  +0               92 1 0 
       9352  +0               93 1 0 
       9400  +0               93 0 0 
       9450  +0               93 1 0 
       9452  +0               94 1 0 
       9500  +0               94 0 0 
       9550  +0               94 1 0 
       9552  +0               95 1 0 
       9600  +0               95 0 0 
       9650  +0               95 1 0 
       9652  +0               96 1 0 
       9700  +0               96 0 0 
       9750  +0               96 1 0 
       9752  +0               97 1 0 
       9800  +0               97 0 0 
       9850  +0               97 1 0 
       9852  +0               98 1 0 
       9900  +0               98 0 0 
       9950  +0               98 1 0 
       9952  +0               99 1 0 
      10000  +0               99 0 0 
      10050  +0               99 1 0 
      10052  +0              100 1 0 
      10100  +0              100 0 0 
