Analysis & Synthesis report for lab_1s
Thu Nov 02 10:52:39 2023
Quartus Prime Version 18.1.0 Build 625 09/12/2018 SJ Lite Edition


---------------------
; Table of Contents ;
---------------------
  1. Legal Notice
  2. Analysis & Synthesis Summary
  3. Analysis & Synthesis Settings
  4. Parallel Compilation
  5. Analysis & Synthesis Source Files Read
  6. Analysis & Synthesis Resource Usage Summary
  7. Analysis & Synthesis Resource Utilization by Entity
  8. General Register Statistics
  9. Multiplexer Restructuring Statistics (Restructuring Performed)
 10. Source assignments for Top-level Entity: |lab_1s
 11. Parameter Settings for User Entity Instance: Top-level Entity: |lab_1s
 12. Parameter Settings for User Entity Instance: cnt_div:cnt_div
 13. Post-Synthesis Netlist Statistics for Top Partition
 14. Elapsed Time Per Partition
 15. Analysis & Synthesis Messages



----------------
; Legal Notice ;
----------------
Copyright (C) 2018  Intel Corporation. All rights reserved.
Your use of Intel Corporation's design tools, logic functions 
and other software and tools, and its AMPP partner logic 
functions, and any output files from any of the foregoing 
(including device programming or simulation files), and any 
associated documentation or information are expressly subject 
to the terms and conditions of the Intel Program License 
Subscription Agreement, the Intel Quartus Prime License Agreement,
the Intel FPGA IP License Agreement, or other applicable license
agreement, including, without limitation, that your use is for
the sole purpose of programming logic devices manufactured by
Intel and sold by Intel or its authorized distributors.  Please
refer to the applicable agreement for further details.



+----------------------------------------------------------------------------------+
; Analysis & Synthesis Summary                                                     ;
+------------------------------------+---------------------------------------------+
; Analysis & Synthesis Status        ; Successful - Thu Nov 02 10:52:39 2023       ;
; Quartus Prime Version              ; 18.1.0 Build 625 09/12/2018 SJ Lite Edition ;
; Revision Name                      ; lab_1s                                      ;
; Top-level Entity Name              ; lab_1s                                      ;
; Family                             ; Cyclone IV E                                ;
; Total logic elements               ; 113                                         ;
;     Total combinational functions  ; 111                                         ;
;     Dedicated logic registers      ; 75                                          ;
; Total registers                    ; 75                                          ;
; Total pins                         ; 10                                          ;
; Total virtual pins                 ; 0                                           ;
; Total memory bits                  ; 0                                           ;
; Embedded Multiplier 9-bit elements ; 0                                           ;
; Total PLLs                         ; 0                                           ;
+------------------------------------+---------------------------------------------+


+------------------------------------------------------------------------------------------------------------+
; Analysis & Synthesis Settings                                                                              ;
+------------------------------------------------------------------+--------------------+--------------------+
; Option                                                           ; Setting            ; Default Value      ;
+------------------------------------------------------------------+--------------------+--------------------+
; Device                                                           ; EP4CE6E22C8        ;                    ;
; Top-level entity name                                            ; lab_1s             ; lab_1s             ;
; Family name                                                      ; Cyclone IV E       ; Cyclone V          ;
; Use smart compilation                                            ; Off                ; Off                ;
; Maximum processors allowed for parallel compilation              ; All                ; All                ;
; Enable parallel Assembler and Timing Analyzer during compilation ; On                 ; On                 ;
; Enable compact report table                                      ; Off                ; Off                ;
; Restructure Multiplexers                                         ; Auto               ; Auto               ;
; Create Debugging Nodes for IP Cores                              ; Off                ; Off                ;
; Preserve fewer node names                                        ; On                 ; On                 ;
; Intel FPGA IP Evaluation Mode                                    ; Enable             ; Enable             ;
; Verilog Version                                                  ; Verilog_2001       ; Verilog_2001       ;
; VHDL Version                                                     ; VHDL_1993          ; VHDL_1993          ;
; State Machine Processing                                         ; Auto               ; Auto               ;
; Safe State Machine                                               ; Off                ; Off                ;
; Extract Verilog State Machines                                   ; On                 ; On                 ;
; Extract VHDL State Machines                                      ; On                 ; On                 ;
; Ignore Verilog initial constructs                                ; Off                ; Off                ;
; Iteration limit for constant Verilog loops                       ; 5000               ; 5000               ;
; Iteration limit for non-constant Verilog loops                   ; 250                ; 250                ;
; Add Pass-Through Logic to Inferred RAMs                          ; On                 ; On                 ;
; Infer RAMs from Raw Logic                                        ; On                 ; On                 ;
; Parallel Synthesis                                               ; On                 ; On                 ;
; DSP Block Balancing                                              ; Auto               ; Auto               ;
; NOT Gate Push-Back                                               ; On                 ; On                 ;
; Power-Up Don't Care                                              ; On                 ; On                 ;
; Remove Redundant Logic Cells                                     ; Off                ; Off                ;
; Remove Duplicate Registers                                       ; On                 ; On                 ;
; Ignore CARRY Buffers                                             ; Off                ; Off                ;
; Ignore CASCADE Buffers                                           ; Off                ; Off                ;
; Ignore GLOBAL Buffers                                            ; Off                ; Off                ;
; Ignore ROW GLOBAL Buffers                                        ; Off                ; Off                ;
; Ignore LCELL Buffers                                             ; Off                ; Off                ;
; Ignore SOFT Buffers                                              ; On                 ; On                 ;
; Limit AHDL Integers to 32 Bits                                   ; Off                ; Off                ;
; Optimization Technique                                           ; Balanced           ; Balanced           ;
; Carry Chain Length                                               ; 70                 ; 70                 ;
; Auto Carry Chains                                                ; On                 ; On                 ;
; Auto Open-Drain Pins                                             ; On                 ; On                 ;
; Perform WYSIWYG Primitive Resynthesis                            ; Off                ; Off                ;
; Auto ROM Replacement                                             ; On                 ; On                 ;
; Auto RAM Replacement                                             ; On                 ; On                 ;
; Auto DSP Block Replacement                                       ; On                 ; On                 ;
; Auto Shift Register Replacement                                  ; Auto               ; Auto               ;
; Allow Shift Register Merging across Hierarchies                  ; Auto               ; Auto               ;
; Auto Clock Enable Replacement                                    ; On                 ; On                 ;
; Strict RAM Replacement                                           ; Off                ; Off                ;
; Allow Synchronous Control Signals                                ; On                 ; On                 ;
; Force Use of Synchronous Clear Signals                           ; Off                ; Off                ;
; Auto RAM Block Balancing                                         ; On                 ; On                 ;
; Auto RAM to Logic Cell Conversion                                ; Off                ; Off                ;
; Auto Resource Sharing                                            ; Off                ; Off                ;
; Allow Any RAM Size For Recognition                               ; Off                ; Off                ;
; Allow Any ROM Size For Recognition                               ; Off                ; Off                ;
; Allow Any Shift Register Size For Recognition                    ; Off                ; Off                ;
; Use LogicLock Constraints during Resource Balancing              ; On                 ; On                 ;
; Ignore translate_off and synthesis_off directives                ; Off                ; Off                ;
; Timing-Driven Synthesis                                          ; On                 ; On                 ;
; Report Parameter Settings                                        ; On                 ; On                 ;
; Report Source Assignments                                        ; On                 ; On                 ;
; Report Connectivity Checks                                       ; On                 ; On                 ;
; Ignore Maximum Fan-Out Assignments                               ; Off                ; Off                ;
; Synchronization Register Chain Length                            ; 2                  ; 2                  ;
; Power Optimization During Synthesis                              ; Normal compilation ; Normal compilation ;
; HDL message level                                                ; Level2             ; Level2             ;
; Suppress Register Optimization Related Messages                  ; Off                ; Off                ;
; Number of Removed Registers Reported in Synthesis Report         ; 5000               ; 5000               ;
; Number of Swept Nodes Reported in Synthesis Report               ; 5000               ; 5000               ;
; Number of Inverted Registers Reported in Synthesis Report        ; 100                ; 100                ;
; Clock MUX Protection                                             ; On                 ; On                 ;
; Auto Gated Clock Conversion                                      ; Off                ; Off                ;
; Block Design Naming                                              ; Auto               ; Auto               ;
; SDC constraint protection                                        ; Off                ; Off                ;
; Synthesis Effort                                                 ; Auto               ; Auto               ;
; Shift Register Replacement - Allow Asynchronous Clear Signal     ; On                 ; On                 ;
; Pre-Mapping Resynthesis Optimization                             ; Off                ; Off                ;
; Analysis & Synthesis Message Level                               ; Medium             ; Medium             ;
; Disable Register Merging Across Hierarchies                      ; Auto               ; Auto               ;
; Resource Aware Inference For Block RAM                           ; On                 ; On                 ;
+------------------------------------------------------------------+--------------------+--------------------+


+------------------------------------------+
; Parallel Compilation                     ;
+----------------------------+-------------+
; Processors                 ; Number      ;
+----------------------------+-------------+
; Number detected on machine ; 32          ;
; Maximum allowed            ; 16          ;
;                            ;             ;
; Average used               ; 1.00        ;
; Maximum used               ; 16          ;
;                            ;             ;
; Usage by Processor         ; % Time Used ;
;     Processor 1            ; 100.0%      ;
;     Processors 2-16        ;   0.0%      ;
+----------------------------+-------------+


+------------------------------------------------------------------------------------------------------------------------------------------------------------------------------------+
; Analysis & Synthesis Source Files Read                                                                                                                                             ;
+----------------------------------+-----------------+------------------------------+--------------------------------------------------------------------------------------+---------+
; File Name with User-Entered Path ; Used in Netlist ; File Type                    ; File Name with Absolute Path                                                         ; Library ;
+----------------------------------+-----------------+------------------------------+--------------------------------------------------------------------------------------+---------+
; lab_1s.sv                        ; yes             ; User SystemVerilog HDL File  ; D:/Users/Legion/Quartus/Works_Verilog/Third year/5th semester/lab9/lab_1s/lab_1s.sv  ;         ;
; cnt_div.sv                       ; yes             ; User SystemVerilog HDL File  ; D:/Users/Legion/Quartus/Works_Verilog/Third year/5th semester/lab9/lab_1s/cnt_div.sv ;         ;
; led_rg.sv                        ; yes             ; User SystemVerilog HDL File  ; D:/Users/Legion/Quartus/Works_Verilog/Third year/5th semester/lab9/lab_1s/led_rg.sv  ;         ;
; led_drv.sv                       ; yes             ; User SystemVerilog HDL File  ; D:/Users/Legion/Quartus/Works_Verilog/Third year/5th semester/lab9/lab_1s/led_drv.sv ;         ;
; rst_rg.sv                        ; yes             ; User SystemVerilog HDL File  ; D:/Users/Legion/Quartus/Works_Verilog/Third year/5th semester/lab9/lab_1s/rst_rg.sv  ;         ;
; mem.txt                          ; yes             ; Auto-Found File              ; D:/Users/Legion/Quartus/Works_Verilog/Third year/5th semester/lab9/lab_1s/mem.txt    ;         ;
+----------------------------------+-----------------+------------------------------+--------------------------------------------------------------------------------------+---------+


+---------------------------------------------------------+
; Analysis & Synthesis Resource Usage Summary             ;
+---------------------------------------------+-----------+
; Resource                                    ; Usage     ;
+---------------------------------------------+-----------+
; Estimated Total logic elements              ; 113       ;
;                                             ;           ;
; Total combinational functions               ; 111       ;
; Logic element usage by number of LUT inputs ;           ;
;     -- 4 input functions                    ; 40        ;
;     -- 3 input functions                    ; 1         ;
;     -- <=2 input functions                  ; 70        ;
;                                             ;           ;
; Logic elements by mode                      ;           ;
;     -- normal mode                          ; 49        ;
;     -- arithmetic mode                      ; 62        ;
;                                             ;           ;
; Total registers                             ; 75        ;
;     -- Dedicated logic registers            ; 75        ;
;     -- I/O registers                        ; 0         ;
;                                             ;           ;
; I/O pins                                    ; 10        ;
;                                             ;           ;
; Embedded Multiplier 9-bit elements          ; 0         ;
;                                             ;           ;
; Maximum fan-out node                        ; clk~input ;
; Maximum fan-out                             ; 75        ;
; Total fan-out                               ; 565       ;
; Average fan-out                             ; 2.74      ;
+---------------------------------------------+-----------+


+--------------------------------------------------------------------------------------------------------------------------------------------------------------------------------------------------------------+
; Analysis & Synthesis Resource Utilization by Entity                                                                                                                                                          ;
+----------------------------+---------------------+---------------------------+-------------+--------------+---------+-----------+------+--------------+-------------------------+-------------+--------------+
; Compilation Hierarchy Node ; Combinational ALUTs ; Dedicated Logic Registers ; Memory Bits ; DSP Elements ; DSP 9x9 ; DSP 18x18 ; Pins ; Virtual Pins ; Full Hierarchy Name     ; Entity Name ; Library Name ;
+----------------------------+---------------------+---------------------------+-------------+--------------+---------+-----------+------+--------------+-------------------------+-------------+--------------+
; |lab_1s                    ; 111 (0)             ; 75 (0)                    ; 0           ; 0            ; 0       ; 0         ; 10   ; 0            ; |lab_1s                 ; lab_1s      ; work         ;
;    |cnt_div:cnt_div|       ; 45 (45)             ; 33 (33)                   ; 0           ; 0            ; 0       ; 0         ; 0    ; 0            ; |lab_1s|cnt_div:cnt_div ; cnt_div     ; work         ;
;    |led_drv:led_drv|       ; 50 (50)             ; 32 (32)                   ; 0           ; 0            ; 0       ; 0         ; 0    ; 0            ; |lab_1s|led_drv:led_drv ; led_drv     ; work         ;
;    |led_rg:led_rg|         ; 16 (16)             ; 8 (8)                     ; 0           ; 0            ; 0       ; 0         ; 0    ; 0            ; |lab_1s|led_rg:led_rg   ; led_rg      ; work         ;
;    |rst_rg:rst_rg|         ; 0 (0)               ; 2 (2)                     ; 0           ; 0            ; 0       ; 0         ; 0    ; 0            ; |lab_1s|rst_rg:rst_rg   ; rst_rg      ; work         ;
+----------------------------+---------------------+---------------------------+-------------+--------------+---------+-----------+------+--------------+-------------------------+-------------+--------------+
Note: For table entries with two numbers listed, the numbers in parentheses indicate the number of resources of the given type used by the specific entity alone. The numbers listed outside of parentheses indicate the total resources of the given type used by the specific entity and all of its sub-entities in the hierarchy.


+------------------------------------------------------+
; General Register Statistics                          ;
+----------------------------------------------+-------+
; Statistic                                    ; Value ;
+----------------------------------------------+-------+
; Total registers                              ; 75    ;
; Number of registers using Synchronous Clear  ; 64    ;
; Number of registers using Synchronous Load   ; 0     ;
; Number of registers using Asynchronous Clear ; 0     ;
; Number of registers using Asynchronous Load  ; 0     ;
; Number of registers using Clock Enable       ; 32    ;
; Number of registers using Preset             ; 0     ;
+----------------------------------------------+-------+


+---------------------------------------------------------------------------------------------------------------------------------------------------+
; Multiplexer Restructuring Statistics (Restructuring Performed)                                                                                    ;
+--------------------+-----------+---------------+----------------------+------------------------+------------+-------------------------------------+
; Multiplexer Inputs ; Bus Width ; Baseline Area ; Area if Restructured ; Saving if Restructured ; Registered ; Example Multiplexer Output          ;
+--------------------+-----------+---------------+----------------------+------------------------+------------+-------------------------------------+
; 3:1                ; 32 bits   ; 64 LEs        ; 32 LEs               ; 32 LEs                 ; Yes        ; |lab_1s|cnt_div:cnt_div|counter[10] ;
; 3:1                ; 32 bits   ; 64 LEs        ; 32 LEs               ; 32 LEs                 ; Yes        ; |lab_1s|led_drv:led_drv|i[2]        ;
+--------------------+-----------+---------------+----------------------+------------------------+------------+-------------------------------------+


+--------------------------------------------------+
; Source assignments for Top-level Entity: |lab_1s ;
+-------------+--------------+------+--------------+
; Assignment  ; Value        ; From ; To           ;
+-------------+--------------+------+--------------+
; LOCATION    ; Pin_72       ; -    ; dout[7]      ;
; LOCATION    ; Pin_71       ; -    ; dout[6]      ;
; LOCATION    ; Pin_70       ; -    ; dout[5]      ;
; LOCATION    ; Pin_69       ; -    ; dout[4]      ;
; LOCATION    ; Pin_68       ; -    ; dout[3]      ;
; LOCATION    ; Pin_67       ; -    ; dout[2]      ;
; LOCATION    ; Pin_66       ; -    ; dout[1]      ;
; LOCATION    ; Pin_65       ; -    ; dout[0]      ;
; IO_STANDARD ; 3.3-V LVCMOS ; -    ; clk          ;
; LOCATION    ; Pin_23       ; -    ; clk          ;
; IO_STANDARD ; 2.5-V        ; -    ; rst_n        ;
; LOCATION    ; Pin_64       ; -    ; rst_n        ;
; IO_STANDARD ; 2.5-V        ; -    ; dout[7]      ;
; IO_STANDARD ; 2.5-V        ; -    ; dout[6]      ;
; IO_STANDARD ; 2.5-V        ; -    ; dout[5]      ;
; IO_STANDARD ; 2.5-V        ; -    ; dout[4]      ;
; IO_STANDARD ; 2.5-V        ; -    ; dout[3]      ;
; IO_STANDARD ; 2.5-V        ; -    ; dout[2]      ;
; IO_STANDARD ; 2.5-V        ; -    ; dout[1]      ;
; IO_STANDARD ; 2.5-V        ; -    ; dout[0]      ;
+-------------+--------------+------+--------------+


+------------------------------------------------------------------------+
; Parameter Settings for User Entity Instance: Top-level Entity: |lab_1s ;
+----------------+----------+--------------------------------------------+
; Parameter Name ; Value    ; Type                                       ;
+----------------+----------+--------------------------------------------+
; DIV            ; 12500000 ; Signed Integer                             ;
+----------------+----------+--------------------------------------------+
Note: In order to hide this table in the UI and the text report file, please set the "Show Parameter Settings in Synthesis Report" option in "Analysis and Synthesis Settings -> More Settings" to "Off".


+--------------------------------------------------------------+
; Parameter Settings for User Entity Instance: cnt_div:cnt_div ;
+----------------+----------+----------------------------------+
; Parameter Name ; Value    ; Type                             ;
+----------------+----------+----------------------------------+
; N              ; 12500000 ; Signed Integer                   ;
+----------------+----------+----------------------------------+
Note: In order to hide this table in the UI and the text report file, please set the "Show Parameter Settings in Synthesis Report" option in "Analysis and Synthesis Settings -> More Settings" to "Off".


+-----------------------------------------------------+
; Post-Synthesis Netlist Statistics for Top Partition ;
+-----------------------+-----------------------------+
; Type                  ; Count                       ;
+-----------------------+-----------------------------+
; boundary_port         ; 10                          ;
; cycloneiii_ff         ; 75                          ;
;     ENA SCLR          ; 32                          ;
;     SCLR              ; 32                          ;
;     plain             ; 11                          ;
; cycloneiii_lcell_comb ; 111                         ;
;     arith             ; 62                          ;
;         2 data inputs ; 62                          ;
;     normal            ; 49                          ;
;         1 data inputs ; 2                           ;
;         2 data inputs ; 6                           ;
;         3 data inputs ; 1                           ;
;         4 data inputs ; 40                          ;
;                       ;                             ;
; Max LUT depth         ; 4.10                        ;
; Average LUT depth     ; 3.11                        ;
+-----------------------+-----------------------------+


+-------------------------------+
; Elapsed Time Per Partition    ;
+----------------+--------------+
; Partition Name ; Elapsed Time ;
+----------------+--------------+
; Top            ; 00:00:00     ;
+----------------+--------------+


+-------------------------------+
; Analysis & Synthesis Messages ;
+-------------------------------+
Info: *******************************************************************
Info: Running Quartus Prime Analysis & Synthesis
    Info: Version 18.1.0 Build 625 09/12/2018 SJ Lite Edition
    Info: Processing started: Thu Nov 02 10:52:32 2023
Info: Command: quartus_map --read_settings_files=on --write_settings_files=off lab_1s -c lab_1s
Info (20030): Parallel compilation is enabled and will use 16 of the 32 processors detected
Info (12021): Found 1 design units, including 1 entities, in source file lab_1s_tb.sv
    Info (12023): Found entity 1: lab_1s_tb File: D:/Users/Legion/Quartus/Works_Verilog/Third year/5th semester/lab9/lab_1s/lab_1s_tb.sv Line: 1
Info (12021): Found 1 design units, including 1 entities, in source file lab_1s.sv
    Info (12023): Found entity 1: lab_1s File: D:/Users/Legion/Quartus/Works_Verilog/Third year/5th semester/lab9/lab_1s/lab_1s.sv Line: 1
Info (12021): Found 1 design units, including 1 entities, in source file cnt_div_tb.sv
    Info (12023): Found entity 1: cnt_div_tb File: D:/Users/Legion/Quartus/Works_Verilog/Third year/5th semester/lab9/lab_1s/cnt_div_tb.sv Line: 1
Info (12021): Found 1 design units, including 1 entities, in source file cnt_div.sv
    Info (12023): Found entity 1: cnt_div File: D:/Users/Legion/Quartus/Works_Verilog/Third year/5th semester/lab9/lab_1s/cnt_div.sv Line: 1
Info (12021): Found 1 design units, including 1 entities, in source file led_rg.sv
    Info (12023): Found entity 1: led_rg File: D:/Users/Legion/Quartus/Works_Verilog/Third year/5th semester/lab9/lab_1s/led_rg.sv Line: 1
Info (12021): Found 1 design units, including 1 entities, in source file led_drv_tb.sv
    Info (12023): Found entity 1: led_drv_tb File: D:/Users/Legion/Quartus/Works_Verilog/Third year/5th semester/lab9/lab_1s/led_drv_tb.sv Line: 1
Info (12021): Found 1 design units, including 1 entities, in source file led_drv.sv
    Info (12023): Found entity 1: led_drv File: D:/Users/Legion/Quartus/Works_Verilog/Third year/5th semester/lab9/lab_1s/led_drv.sv Line: 1
Info (12021): Found 1 design units, including 1 entities, in source file rst_rg.sv
    Info (12023): Found entity 1: rst_rg File: D:/Users/Legion/Quartus/Works_Verilog/Third year/5th semester/lab9/lab_1s/rst_rg.sv Line: 1
Info (12127): Elaborating entity "lab_1s" for the top level hierarchy
Info (12128): Elaborating entity "rst_rg" for hierarchy "rst_rg:rst_rg" File: D:/Users/Legion/Quartus/Works_Verilog/Third year/5th semester/lab9/lab_1s/lab_1s.sv Line: 14
Info (12128): Elaborating entity "cnt_div" for hierarchy "cnt_div:cnt_div" File: D:/Users/Legion/Quartus/Works_Verilog/Third year/5th semester/lab9/lab_1s/lab_1s.sv Line: 18
Info (12128): Elaborating entity "led_drv" for hierarchy "led_drv:led_drv" File: D:/Users/Legion/Quartus/Works_Verilog/Third year/5th semester/lab9/lab_1s/lab_1s.sv Line: 22
Warning (10030): Net "mem.data_a" at led_drv.sv(7) has no driver or initial value, using a default initial value '0' File: D:/Users/Legion/Quartus/Works_Verilog/Third year/5th semester/lab9/lab_1s/led_drv.sv Line: 7
Warning (10030): Net "mem.waddr_a" at led_drv.sv(7) has no driver or initial value, using a default initial value '0' File: D:/Users/Legion/Quartus/Works_Verilog/Third year/5th semester/lab9/lab_1s/led_drv.sv Line: 7
Warning (10030): Net "mem.we_a" at led_drv.sv(7) has no driver or initial value, using a default initial value '0' File: D:/Users/Legion/Quartus/Works_Verilog/Third year/5th semester/lab9/lab_1s/led_drv.sv Line: 7
Info (12128): Elaborating entity "led_rg" for hierarchy "led_rg:led_rg" File: D:/Users/Legion/Quartus/Works_Verilog/Third year/5th semester/lab9/lab_1s/lab_1s.sv Line: 24
Info (13014): Ignored 2 buffer(s)
    Info (13019): Ignored 2 SOFT buffer(s)
Info (276014): Found 1 instances of uninferred RAM logic
    Info (276004): RAM logic "led_drv:led_drv|mem" is uninferred due to inappropriate RAM size File: D:/Users/Legion/Quartus/Works_Verilog/Third year/5th semester/lab9/lab_1s/led_drv.sv Line: 7
Info (286030): Timing-Driven Synthesis is running
Info (16010): Generating hard_block partition "hard_block:auto_generated_inst"
    Info (16011): Adding 0 node(s), including 0 DDIO, 0 PLL, 0 transceiver and 0 LCELL
Info (21057): Implemented 123 device resources after synthesis - the final resource count might be different
    Info (21058): Implemented 2 input pins
    Info (21059): Implemented 8 output pins
    Info (21061): Implemented 113 logic cells
Info: Quartus Prime Analysis & Synthesis was successful. 0 errors, 3 warnings
    Info: Peak virtual memory: 4844 megabytes
    Info: Processing ended: Thu Nov 02 10:52:39 2023
    Info: Elapsed time: 00:00:07
    Info: Total CPU time (on all processors): 00:00:07


