#! /c/Source/iverilog-install/bin/vvp
:ivl_version "12.0 (devel)" "(s20150603-1539-g2693dd32b)";
:ivl_delay_selection "TYPICAL";
:vpi_time_precision + 0;
:vpi_module "D:\PROGRA~1\iverilog\lib\ivl\system.vpi";
:vpi_module "D:\PROGRA~1\iverilog\lib\ivl\vhdl_sys.vpi";
:vpi_module "D:\PROGRA~1\iverilog\lib\ivl\vhdl_textio.vpi";
:vpi_module "D:\PROGRA~1\iverilog\lib\ivl\v2005_math.vpi";
:vpi_module "D:\PROGRA~1\iverilog\lib\ivl\va_math.vpi";
S_000001e895b12510 .scope module, "mult_SR_V1" "mult_SR_V1" 2 1;
 .timescale 0 0;
    .port_info 0 /INPUT 1 "clk";
    .port_info 1 /INPUT 4 "dA";
    .port_info 2 /INPUT 4 "dB";
    .port_info 3 /OUTPUT 8 "a_mult_b";
    .port_info 4 /OUTPUT 1 "ready";
P_000001e895b126a0 .param/l "END_MULT" 1 2 40, +C4<00000000000000000000000000000011>;
P_000001e895b126d8 .param/l "INIT" 1 2 40, +C4<00000000000000000000000000000000>;
P_000001e895b12710 .param/l "SHIFT_ANS" 1 2 40, +C4<00000000000000000000000000000001>;
P_000001e895b12748 .param/l "SUM_A" 1 2 40, +C4<00000000000000000000000000000010>;
P_000001e895b12780 .param/l "W" 0 2 2, +C4<00000000000000000000000000000100>;
v000001e895afba50_0 .var "A_new", 3 0;
v000001e895b12d00_0 .var "A_old", 3 0;
v000001e895b127c0_0 .var "B_new", 3 0;
v000001e895b12860_0 .var "B_old", 3 0;
v000001e895b12900_0 .var "a_mult_b", 7 0;
o000001e895b4f068 .functor BUFZ 1, C4<z>; HiZ drive
v000001e895b43d50_0 .net "clk", 0 0, o000001e895b4f068;  0 drivers
o000001e895b4f098 .functor BUFZ 4, C4<zzzz>; HiZ drive
v000001e895b43df0_0 .net "dA", 3 0, o000001e895b4f098;  0 drivers
o000001e895b4f0c8 .functor BUFZ 4, C4<zzzz>; HiZ drive
v000001e895b43e90_0 .net "dB", 3 0, o000001e895b4f0c8;  0 drivers
v000001e895b43f30_0 .var "i", 2 0;
v000001e895b43fd0_0 .var "load", 0 0;
v000001e895b44070_0 .var "ready", 0 0;
v000001e895b44110_0 .var "state", 1 0;
E_000001e895af8f60 .event posedge, v000001e895b43d50_0;
E_000001e895af9560 .event anyedge, v000001e895afba50_0, v000001e895b12d00_0, v000001e895b127c0_0, v000001e895b12860_0;
    .scope S_000001e895b12510;
T_0 ;
    %pushi/vec4 0, 0, 2;
    %store/vec4 v000001e895b44110_0, 0, 2;
    %end;
    .thread T_0;
    .scope S_000001e895b12510;
T_1 ;
    %pushi/vec4 0, 0, 4;
    %assign/vec4 v000001e895afba50_0, 0;
    %pushi/vec4 0, 0, 4;
    %assign/vec4 v000001e895b12d00_0, 0;
    %pushi/vec4 0, 0, 4;
    %assign/vec4 v000001e895b127c0_0, 0;
    %pushi/vec4 0, 0, 4;
    %assign/vec4 v000001e895b12860_0, 0;
    %pushi/vec4 0, 0, 1;
    %assign/vec4 v000001e895b43fd0_0, 0;
    %pushi/vec4 0, 0, 3;
    %assign/vec4 v000001e895b43f30_0, 0;
    %pushi/vec4 0, 0, 8;
    %assign/vec4 v000001e895b12900_0, 0;
    %pushi/vec4 0, 0, 1;
    %assign/vec4 v000001e895b44070_0, 0;
    %end;
    .thread T_1;
    .scope S_000001e895b12510;
T_2 ;
    %wait E_000001e895af8f60;
    %load/vec4 v000001e895b43df0_0;
    %assign/vec4 v000001e895afba50_0, 0;
    %load/vec4 v000001e895afba50_0;
    %assign/vec4 v000001e895b12d00_0, 0;
    %load/vec4 v000001e895b43e90_0;
    %assign/vec4 v000001e895b127c0_0, 0;
    %load/vec4 v000001e895b127c0_0;
    %assign/vec4 v000001e895b12860_0, 0;
    %jmp T_2;
    .thread T_2;
    .scope S_000001e895b12510;
T_3 ;
    %wait E_000001e895af9560;
    %load/vec4 v000001e895afba50_0;
    %load/vec4 v000001e895b12d00_0;
    %cmp/ne;
    %flag_get/vec4 4;
    %load/vec4 v000001e895b127c0_0;
    %load/vec4 v000001e895b12860_0;
    %cmp/ne;
    %flag_get/vec4 4;
    %or;
    %flag_set/vec4 8;
    %jmp/0xz  T_3.0, 8;
    %pushi/vec4 1, 0, 1;
    %store/vec4 v000001e895b43fd0_0, 0, 1;
    %jmp T_3.1;
T_3.0 ;
    %pushi/vec4 0, 0, 1;
    %store/vec4 v000001e895b43fd0_0, 0, 1;
T_3.1 ;
    %jmp T_3;
    .thread T_3, $push;
    .scope S_000001e895b12510;
T_4 ;
    %wait E_000001e895af8f60;
    %load/vec4 v000001e895b43fd0_0;
    %flag_set/vec4 8;
    %jmp/0xz  T_4.0, 8;
    %pushi/vec4 0, 0, 2;
    %assign/vec4 v000001e895b44110_0, 0;
    %jmp T_4.1;
T_4.0 ;
    %load/vec4 v000001e895b44110_0;
    %dup/vec4;
    %pushi/vec4 0, 0, 2;
    %cmp/u;
    %jmp/1 T_4.2, 6;
    %dup/vec4;
    %pushi/vec4 1, 0, 2;
    %cmp/u;
    %jmp/1 T_4.3, 6;
    %dup/vec4;
    %pushi/vec4 2, 0, 2;
    %cmp/u;
    %jmp/1 T_4.4, 6;
    %dup/vec4;
    %pushi/vec4 3, 0, 2;
    %cmp/u;
    %jmp/1 T_4.5, 6;
    %jmp T_4.6;
T_4.2 ;
    %pushi/vec4 1, 0, 2;
    %assign/vec4 v000001e895b44110_0, 0;
    %jmp T_4.6;
T_4.3 ;
    %pushi/vec4 2, 0, 2;
    %assign/vec4 v000001e895b44110_0, 0;
    %jmp T_4.6;
T_4.4 ;
    %load/vec4 v000001e895b43f30_0;
    %pad/u 32;
    %cmpi/e 0, 0, 32;
    %flag_mov 8, 4;
    %jmp/0 T_4.7, 8;
    %pushi/vec4 3, 0, 32;
    %jmp/1 T_4.8, 8;
T_4.7 ; End of true expr.
    %pushi/vec4 1, 0, 32;
    %jmp/0 T_4.8, 8;
 ; End of false expr.
    %blend;
T_4.8;
    %pad/s 2;
    %assign/vec4 v000001e895b44110_0, 0;
    %jmp T_4.6;
T_4.5 ;
    %pushi/vec4 3, 0, 2;
    %assign/vec4 v000001e895b44110_0, 0;
    %jmp T_4.6;
T_4.6 ;
    %pop/vec4 1;
T_4.1 ;
    %jmp T_4;
    .thread T_4;
    .scope S_000001e895b12510;
T_5 ;
    %wait E_000001e895af8f60;
    %load/vec4 v000001e895b44110_0;
    %dup/vec4;
    %pushi/vec4 0, 0, 2;
    %cmp/u;
    %jmp/1 T_5.0, 6;
    %dup/vec4;
    %pushi/vec4 1, 0, 2;
    %cmp/u;
    %jmp/1 T_5.1, 6;
    %dup/vec4;
    %pushi/vec4 2, 0, 2;
    %cmp/u;
    %jmp/1 T_5.2, 6;
    %dup/vec4;
    %pushi/vec4 3, 0, 2;
    %cmp/u;
    %jmp/1 T_5.3, 6;
    %jmp T_5.4;
T_5.0 ;
    %pushi/vec4 4, 0, 3;
    %assign/vec4 v000001e895b43f30_0, 0;
    %pushi/vec4 0, 0, 8;
    %assign/vec4 v000001e895b12900_0, 0;
    %pushi/vec4 0, 0, 1;
    %assign/vec4 v000001e895b44070_0, 0;
    %jmp T_5.4;
T_5.1 ;
    %load/vec4 v000001e895b43f30_0;
    %subi 1, 0, 3;
    %assign/vec4 v000001e895b43f30_0, 0;
    %load/vec4 v000001e895b12900_0;
    %ix/load 4, 1, 0;
    %flag_set/imm 4, 0;
    %shiftl 4;
    %assign/vec4 v000001e895b12900_0, 0;
    %jmp T_5.4;
T_5.2 ;
    %load/vec4 v000001e895b12900_0;
    %load/vec4 v000001e895b12d00_0;
    %pad/u 8;
    %load/vec4 v000001e895b12860_0;
    %load/vec4 v000001e895b43f30_0;
    %part/u 1;
    %pad/u 8;
    %mul;
    %add;
    %assign/vec4 v000001e895b12900_0, 0;
    %jmp T_5.4;
T_5.3 ;
    %pushi/vec4 1, 0, 1;
    %assign/vec4 v000001e895b44070_0, 0;
    %jmp T_5.4;
T_5.4 ;
    %pop/vec4 1;
    %jmp T_5;
    .thread T_5;
# The file index is used to find the file name in the following table.
:file_names 3;
    "N/A";
    "<interactive>";
    "mult_SR_V1.v";
