Flow report for lab_ms_sv5
Tue Mar 19 17:23:15 2024
Quartus Prime Version 18.1.0 Build 625 09/12/2018 SJ Lite Edition


---------------------
; Table of Contents ;
---------------------
  1. Legal Notice
  2. Flow Summary
  3. Flow Settings
  4. Flow Non-Default Global Settings
  5. Flow Elapsed Time
  6. Flow OS Summary
  7. Flow Log
  8. Flow Messages
  9. Flow Suppressed Messages



----------------
; Legal Notice ;
----------------
Copyright (C) 2018  Intel Corporation. All rights reserved.
Your use of Intel Corporation's design tools, logic functions 
and other software and tools, and its AMPP partner logic 
functions, and any output files from any of the foregoing 
(including device programming or simulation files), and any 
associated documentation or information are expressly subject 
to the terms and conditions of the Intel Program License 
Subscription Agreement, the Intel Quartus Prime License Agreement,
the Intel FPGA IP License Agreement, or other applicable license
agreement, including, without limitation, that your use is for
the sole purpose of programming logic devices manufactured by
Intel and sold by Intel or its authorized distributors.  Please
refer to the applicable agreement for further details.



+----------------------------------------------------------------------------------+
; Flow Summary                                                                     ;
+------------------------------------+---------------------------------------------+
; Flow Status                        ; Successful - Tue Mar 19 17:23:15 2024       ;
; Quartus Prime Version              ; 18.1.0 Build 625 09/12/2018 SJ Lite Edition ;
; Revision Name                      ; lab_ms_sv5                                  ;
; Top-level Entity Name              ; lab_ms_sv5                                  ;
; Family                             ; Cyclone IV E                                ;
; Device                             ; EP4CE6E22C8                                 ;
; Timing Models                      ; Final                                       ;
; Total logic elements               ; 27 / 6,272 ( < 1 % )                        ;
;     Total combinational functions  ; 20 / 6,272 ( < 1 % )                        ;
;     Dedicated logic registers      ; 26 / 6,272 ( < 1 % )                        ;
; Total registers                    ; 26                                          ;
; Total pins                         ; 18 / 92 ( 20 % )                            ;
; Total virtual pins                 ; 0                                           ;
; Total memory bits                  ; 0 / 276,480 ( 0 % )                         ;
; Embedded Multiplier 9-bit elements ; 0 / 30 ( 0 % )                              ;
; Total PLLs                         ; 0 / 2 ( 0 % )                               ;
+------------------------------------+---------------------------------------------+


+-----------------------------------------+
; Flow Settings                           ;
+-------------------+---------------------+
; Option            ; Setting             ;
+-------------------+---------------------+
; Start date & time ; 03/19/2024 17:22:59 ;
; Main task         ; Compilation         ;
; Revision Name     ; lab_ms_sv5          ;
+-------------------+---------------------+


+------------------------------------------------------------------------------------------------------------------------------+
; Flow Non-Default Global Settings                                                                                             ;
+--------------------------------------+----------------------------------------+---------------+-------------+----------------+
; Assignment Name                      ; Value                                  ; Default Value ; Entity Name ; Section Id     ;
+--------------------------------------+----------------------------------------+---------------+-------------+----------------+
; COMPILER_SIGNATURE_ID                ; 127943352807685.171085817938716        ; --            ; --          ; --             ;
; EDA_DESIGN_INSTANCE_NAME             ; NA                                     ; --            ; --          ; tb_lab_MS_SV5  ;
; EDA_DESIGN_INSTANCE_NAME             ; NA                                     ; --            ; --          ; db_lab_MS_SV5  ;
; EDA_NATIVELINK_SIMULATION_TEST_BENCH ; tb_lab_MS_SV5                          ; --            ; --          ; eda_simulation ;
; EDA_OUTPUT_DATA_FORMAT               ; Systemverilog Hdl                      ; --            ; --          ; eda_simulation ;
; EDA_SIMULATION_TOOL                  ; ModelSim-Altera (SystemVerilog)        ; <None>        ; --          ; --             ;
; EDA_TEST_BENCH_ENABLE_STATUS         ; TEST_BENCH_MODE                        ; --            ; --          ; eda_simulation ;
; EDA_TEST_BENCH_FILE                  ; tb_lab_MS_SV5.sv                       ; --            ; --          ; tb_lab_MS_SV5  ;
; EDA_TEST_BENCH_FILE                  ; db_lab_MS_SV5.sv                       ; --            ; --          ; db_lab_MS_SV5  ;
; EDA_TEST_BENCH_MODULE_NAME           ; tb_lab_MS_SV5                          ; --            ; --          ; tb_lab_MS_SV5  ;
; EDA_TEST_BENCH_MODULE_NAME           ; db_lab_MS_SV5                          ; --            ; --          ; db_lab_MS_SV5  ;
; EDA_TEST_BENCH_NAME                  ; tb_lab_MS_SV5                          ; --            ; --          ; eda_simulation ;
; EDA_TEST_BENCH_NAME                  ; db_lab_MS_SV5                          ; --            ; --          ; eda_simulation ;
; EDA_TIME_SCALE                       ; 1 ps                                   ; --            ; --          ; eda_simulation ;
; MAX_CORE_JUNCTION_TEMP               ; 85                                     ; --            ; --          ; --             ;
; MIN_CORE_JUNCTION_TEMP               ; 0                                      ; --            ; --          ; --             ;
; NOMINAL_CORE_SUPPLY_VOLTAGE          ; 1.2V                                   ; --            ; --          ; --             ;
; NUM_PARALLEL_PROCESSORS              ; All                                    ; --            ; --          ; --             ;
; PARTITION_COLOR                      ; -- (Not supported for targeted family) ; --            ; --          ; Top            ;
; PARTITION_FITTER_PRESERVATION_LEVEL  ; -- (Not supported for targeted family) ; --            ; --          ; Top            ;
; PARTITION_NETLIST_TYPE               ; -- (Not supported for targeted family) ; --            ; --          ; Top            ;
; POWER_BOARD_THERMAL_MODEL            ; None (CONSERVATIVE)                    ; --            ; --          ; --             ;
; POWER_PRESET_COOLING_SOLUTION        ; 23 MM HEAT SINK WITH 200 LFPM AIRFLOW  ; --            ; --          ; --             ;
; PROJECT_OUTPUT_DIRECTORY             ; output_files                           ; --            ; --          ; --             ;
+--------------------------------------+----------------------------------------+---------------+-------------+----------------+


+--------------------------------------------------------------------------------------------------------------------------+
; Flow Elapsed Time                                                                                                        ;
+----------------------+--------------+-------------------------+---------------------+------------------------------------+
; Module Name          ; Elapsed Time ; Average Processors Used ; Peak Virtual Memory ; Total CPU Time (on all processors) ;
+----------------------+--------------+-------------------------+---------------------+------------------------------------+
; Analysis & Synthesis ; 00:00:07     ; 1.0                     ; 4837 MB             ; 00:00:07                           ;
; Fitter               ; 00:00:04     ; 1.1                     ; 6467 MB             ; 00:00:02                           ;
; Assembler            ; 00:00:01     ; 1.0                     ; 4674 MB             ; 00:00:00                           ;
; Timing Analyzer      ; 00:00:01     ; 1.1                     ; 4867 MB             ; 00:00:00                           ;
; EDA Netlist Writer   ; 00:00:01     ; 1.0                     ; 4640 MB             ; 00:00:00                           ;
; Total                ; 00:00:14     ; --                      ; --                  ; 00:00:09                           ;
+----------------------+--------------+-------------------------+---------------------+------------------------------------+


+------------------------------------------------------------------------------------+
; Flow OS Summary                                                                    ;
+----------------------+------------------+------------+------------+----------------+
; Module Name          ; Machine Hostname ; OS Name    ; OS Version ; Processor type ;
+----------------------+------------------+------------+------------+----------------+
; Analysis & Synthesis ; MatNepo          ; Windows 10 ; 10.0       ; x86_64         ;
; Fitter               ; MatNepo          ; Windows 10 ; 10.0       ; x86_64         ;
; Assembler            ; MatNepo          ; Windows 10 ; 10.0       ; x86_64         ;
; Timing Analyzer      ; MatNepo          ; Windows 10 ; 10.0       ; x86_64         ;
; EDA Netlist Writer   ; MatNepo          ; Windows 10 ; 10.0       ; x86_64         ;
+----------------------+------------------+------------+------------+----------------+


------------
; Flow Log ;
------------
quartus_map --read_settings_files=on --write_settings_files=off lab_ms_sv5 -c lab_ms_sv5
quartus_fit --read_settings_files=off --write_settings_files=off lab_ms_sv5 -c lab_ms_sv5
quartus_asm --read_settings_files=off --write_settings_files=off lab_ms_sv5 -c lab_ms_sv5
quartus_sta lab_ms_sv5 -c lab_ms_sv5
quartus_eda --read_settings_files=off --write_settings_files=off lab_ms_sv5 -c lab_ms_sv5



