Flow report for Lab2_extra_task
Tue Apr 16 23:33:22 2024
Quartus Prime Version 18.1.0 Build 625 09/12/2018 SJ Lite Edition


---------------------
; Table of Contents ;
---------------------
  1. Legal Notice
  2. Flow Summary
  3. Flow Settings
  4. Flow Non-Default Global Settings
  5. Flow Elapsed Time
  6. Flow OS Summary
  7. Flow Log
  8. Flow Messages
  9. Flow Suppressed Messages



----------------
; Legal Notice ;
----------------
Copyright (C) 2018  Intel Corporation. All rights reserved.
Your use of Intel Corporation's design tools, logic functions 
and other software and tools, and its AMPP partner logic 
functions, and any output files from any of the foregoing 
(including device programming or simulation files), and any 
associated documentation or information are expressly subject 
to the terms and conditions of the Intel Program License 
Subscription Agreement, the Intel Quartus Prime License Agreement,
the Intel FPGA IP License Agreement, or other applicable license
agreement, including, without limitation, that your use is for
the sole purpose of programming logic devices manufactured by
Intel and sold by Intel or its authorized distributors.  Please
refer to the applicable agreement for further details.



+----------------------------------------------------------------------------------+
; Flow Summary                                                                     ;
+------------------------------------+---------------------------------------------+
; Flow Status                        ; Successful - Tue Apr 16 23:33:19 2024       ;
; Quartus Prime Version              ; 18.1.0 Build 625 09/12/2018 SJ Lite Edition ;
; Revision Name                      ; Lab2_extra_task                             ;
; Top-level Entity Name              ; lab2_extra_task                             ;
; Family                             ; Cyclone IV E                                ;
; Device                             ; EP4CE6E22C8                                 ;
; Timing Models                      ; Final                                       ;
; Total logic elements               ; 1,414 / 6,272 ( 23 % )                      ;
;     Total combinational functions  ; 1,323 / 6,272 ( 21 % )                      ;
;     Dedicated logic registers      ; 751 / 6,272 ( 12 % )                        ;
; Total registers                    ; 751                                         ;
; Total pins                         ; 18 / 92 ( 20 % )                            ;
; Total virtual pins                 ; 0                                           ;
; Total memory bits                  ; 141,312 / 276,480 ( 51 % )                  ;
; Embedded Multiplier 9-bit elements ; 0 / 30 ( 0 % )                              ;
; Total PLLs                         ; 0 / 2 ( 0 % )                               ;
+------------------------------------+---------------------------------------------+


+-----------------------------------------+
; Flow Settings                           ;
+-------------------+---------------------+
; Option            ; Setting             ;
+-------------------+---------------------+
; Start date & time ; 04/16/2024 23:32:50 ;
; Main task         ; Compilation         ;
; Revision Name     ; Lab2_extra_task     ;
+-------------------+---------------------+


+------------------------------------------------------------------------------------------------------------------------------------------------------------------+
; Flow Non-Default Global Settings                                                                                                                                 ;
+-------------------------------------+------------------------------------------------------------------------+---------------+----------------------+------------+
; Assignment Name                     ; Value                                                                  ; Default Value ; Entity Name          ; Section Id ;
+-------------------------------------+------------------------------------------------------------------------+---------------+----------------------+------------+
; COMPILER_SIGNATURE_ID               ; 127943352807685.171329957036580                                        ; --            ; --                   ; --         ;
; MAX_CORE_JUNCTION_TEMP              ; 85                                                                     ; --            ; --                   ; --         ;
; MIN_CORE_JUNCTION_TEMP              ; 0                                                                      ; --            ; --                   ; --         ;
; MISC_FILE                           ; Lab2_extra_task_nios/synthesis/../Lab2_extra_task_nios.cmp             ; --            ; --                   ; --         ;
; MISC_FILE                           ; Lab2_extra_task_nios/synthesis/../../Lab2_extra_task_nios.qsys         ; --            ; --                   ; --         ;
; NOMINAL_CORE_SUPPLY_VOLTAGE         ; 1.2V                                                                   ; --            ; --                   ; --         ;
; NUM_PARALLEL_PROCESSORS             ; All                                                                    ; --            ; --                   ; --         ;
; PARTITION_COLOR                     ; -- (Not supported for targeted family)                                 ; --            ; lab2_extra_task      ; Top        ;
; PARTITION_FITTER_PRESERVATION_LEVEL ; -- (Not supported for targeted family)                                 ; --            ; lab2_extra_task      ; Top        ;
; PARTITION_NETLIST_TYPE              ; -- (Not supported for targeted family)                                 ; --            ; lab2_extra_task      ; Top        ;
; POWER_BOARD_THERMAL_MODEL           ; None (CONSERVATIVE)                                                    ; --            ; --                   ; --         ;
; POWER_PRESET_COOLING_SOLUTION       ; 23 MM HEAT SINK WITH 200 LFPM AIRFLOW                                  ; --            ; --                   ; --         ;
; PROJECT_OUTPUT_DIRECTORY            ; output_files                                                           ; --            ; --                   ; --         ;
; SLD_FILE                            ; Lab2_extra_task_nios/synthesis/Lab2_extra_task_nios.regmap             ; --            ; --                   ; --         ;
; SLD_FILE                            ; Lab2_extra_task_nios/synthesis/Lab2_extra_task_nios.debuginfo          ; --            ; --                   ; --         ;
; SLD_INFO                            ; QSYS_NAME Lab2_extra_task_nios HAS_SOPCINFO 1 GENERATION_ID 1713299500 ; --            ; Lab2_extra_task_nios ; --         ;
; SOPCINFO_FILE                       ; Lab2_extra_task_nios/synthesis/../../Lab2_extra_task_nios.sopcinfo     ; --            ; --                   ; --         ;
; SYNTHESIS_ONLY_QIP                  ; On                                                                     ; --            ; --                   ; --         ;
+-------------------------------------+------------------------------------------------------------------------+---------------+----------------------+------------+


+--------------------------------------------------------------------------------------------------------------------------+
; Flow Elapsed Time                                                                                                        ;
+----------------------+--------------+-------------------------+---------------------+------------------------------------+
; Module Name          ; Elapsed Time ; Average Processors Used ; Peak Virtual Memory ; Total CPU Time (on all processors) ;
+----------------------+--------------+-------------------------+---------------------+------------------------------------+
; Analysis & Synthesis ; 00:00:19     ; 1.0                     ; 4929 MB             ; 00:00:17                           ;
; Fitter               ; 00:00:05     ; 1.4                     ; 6513 MB             ; 00:00:04                           ;
; Assembler            ; 00:00:01     ; 1.0                     ; 4684 MB             ; 00:00:01                           ;
; Timing Analyzer      ; 00:00:02     ; 1.6                     ; 4925 MB             ; 00:00:01                           ;
; Total                ; 00:00:27     ; --                      ; --                  ; 00:00:23                           ;
+----------------------+--------------+-------------------------+---------------------+------------------------------------+


+------------------------------------------------------------------------------------+
; Flow OS Summary                                                                    ;
+----------------------+------------------+------------+------------+----------------+
; Module Name          ; Machine Hostname ; OS Name    ; OS Version ; Processor type ;
+----------------------+------------------+------------+------------+----------------+
; Analysis & Synthesis ; MatNepo          ; Windows 10 ; 10.0       ; x86_64         ;
; Fitter               ; MatNepo          ; Windows 10 ; 10.0       ; x86_64         ;
; Assembler            ; MatNepo          ; Windows 10 ; 10.0       ; x86_64         ;
; Timing Analyzer      ; MatNepo          ; Windows 10 ; 10.0       ; x86_64         ;
+----------------------+------------------+------------+------------+----------------+


------------
; Flow Log ;
------------
quartus_map --read_settings_files=on --write_settings_files=off Lab2_extra_task -c Lab2_extra_task
quartus_fit --read_settings_files=off --write_settings_files=off Lab2_extra_task -c Lab2_extra_task
quartus_asm --read_settings_files=off --write_settings_files=off Lab2_extra_task -c Lab2_extra_task
quartus_sta Lab2_extra_task -c Lab2_extra_task



